[{'seed': 628, 'device': 'cuda', 'wandb_tag': '-J', 'run_datetime': '', 'exp_file': 'experiments.json', 'n_runs': 1, 'epochs': 20, 'timesteps': 500, 'n_x': 100, 'n_tasks': 7, 'task_min_loss': defaultdict(<function generate_config.<locals>.<lambda> at 0x2b94a5937ba0>, {}), 'task_max_loss': defaultdict(<function generate_config.<locals>.<lambda> at 0x2b94c91e93a0>, {}), 'in_features': 1, 'out_features': 1, 'n_pool_hidden_layers': 9, 'n_hidden_layers_per_network': 3, 'n_layers_per_network': 5, 'n_nodes_per_layer': 40, 'pool_layer_type': <class 'torch.nn.modules.linear.Linear'>, 'batch_size': 64, 'learning_rate': 0.01, 'meta_learning_rate': 0.01, 'meta_clip_range': 0.2, 'meta_n_steps': 2048, 'loss_fn': MSELoss(), 'sb3_model': 'PPO', 'data_dir': 'data'}, {'seed': 628, 'device': 'cuda', 'wandb_tag': '-J', 'run_datetime': '', 'exp_file': 'experiments.json', 'n_runs': 1, 'epochs': 20, 'timesteps': 500, 'n_x': 100, 'n_tasks': 7, 'task_min_loss': defaultdict(<function generate_config.<locals>.<lambda> at 0x2b94a5937ba0>, {}), 'task_max_loss': defaultdict(<function generate_config.<locals>.<lambda> at 0x2b94c91e93a0>, {}), 'in_features': 1, 'out_features': 1, 'n_pool_hidden_layers': 9, 'n_hidden_layers_per_network': 3, 'n_layers_per_network': 5, 'n_nodes_per_layer': 40, 'pool_layer_type': <class 'torch.nn.modules.linear.Linear'>, 'batch_size': 64, 'learning_rate': 0.01, 'meta_learning_rate': 0.001, 'meta_clip_range': 0.2, 'meta_n_steps': 2048, 'loss_fn': MSELoss(), 'sb3_model': 'PPO', 'data_dir': 'data'}, {'seed': 628, 'device': 'cuda', 'wandb_tag': '-J', 'run_datetime': '', 'exp_file': 'experiments.json', 'n_runs': 1, 'epochs': 20, 'timesteps': 500, 'n_x': 100, 'n_tasks': 7, 'task_min_loss': defaultdict(<function generate_config.<locals>.<lambda> at 0x2b94a5937ba0>, {}), 'task_max_loss': defaultdict(<function generate_config.<locals>.<lambda> at 0x2b94c91e93a0>, {}), 'in_features': 1, 'out_features': 1, 'n_pool_hidden_layers': 9, 'n_hidden_layers_per_network': 3, 'n_layers_per_network': 5, 'n_nodes_per_layer': 40, 'pool_layer_type': <class 'torch.nn.modules.linear.Linear'>, 'batch_size': 64, 'learning_rate': 0.01, 'meta_learning_rate': 0.0003, 'meta_clip_range': 0.2, 'meta_n_steps': 2048, 'loss_fn': MSELoss(), 'sb3_model': 'PPO', 'data_dir': 'data'}, {'seed': 628, 'device': 'cuda', 'wandb_tag': '-J', 'run_datetime': '', 'exp_file': 'experiments.json', 'n_runs': 1, 'epochs': 20, 'timesteps': 500, 'n_x': 100, 'n_tasks': 7, 'task_min_loss': defaultdict(<function generate_config.<locals>.<lambda> at 0x2b94a5937ba0>, {}), 'task_max_loss': defaultdict(<function generate_config.<locals>.<lambda> at 0x2b94c91e93a0>, {}), 'in_features': 1, 'out_features': 1, 'n_pool_hidden_layers': 9, 'n_hidden_layers_per_network': 3, 'n_layers_per_network': 5, 'n_nodes_per_layer': 40, 'pool_layer_type': <class 'torch.nn.modules.linear.Linear'>, 'batch_size': 64, 'learning_rate': 0.01, 'meta_learning_rate': 0.01, 'meta_clip_range': 0.2, 'meta_n_steps': 2048, 'loss_fn': MSELoss(), 'sb3_model': 'RecurrentPPO', 'data_dir': 'data'}, {'seed': 628, 'device': 'cuda', 'wandb_tag': '-J', 'run_datetime': '', 'exp_file': 'experiments.json', 'n_runs': 1, 'epochs': 20, 'timesteps': 500, 'n_x': 100, 'n_tasks': 7, 'task_min_loss': defaultdict(<function generate_config.<locals>.<lambda> at 0x2b94a5937ba0>, {}), 'task_max_loss': defaultdict(<function generate_config.<locals>.<lambda> at 0x2b94c91e93a0>, {}), 'in_features': 1, 'out_features': 1, 'n_pool_hidden_layers': 9, 'n_hidden_layers_per_network': 3, 'n_layers_per_network': 5, 'n_nodes_per_layer': 40, 'pool_layer_type': <class 'torch.nn.modules.linear.Linear'>, 'batch_size': 64, 'learning_rate': 0.01, 'meta_learning_rate': 0.001, 'meta_clip_range': 0.2, 'meta_n_steps': 2048, 'loss_fn': MSELoss(), 'sb3_model': 'RecurrentPPO', 'data_dir': 'data'}, {'seed': 628, 'device': 'cuda', 'wandb_tag': '-J', 'run_datetime': '', 'exp_file': 'experiments.json', 'n_runs': 1, 'epochs': 20, 'timesteps': 500, 'n_x': 100, 'n_tasks': 7, 'task_min_loss': defaultdict(<function generate_config.<locals>.<lambda> at 0x2b94a5937ba0>, {}), 'task_max_loss': defaultdict(<function generate_config.<locals>.<lambda> at 0x2b94c91e93a0>, {}), 'in_features': 1, 'out_features': 1, 'n_pool_hidden_layers': 9, 'n_hidden_layers_per_network': 3, 'n_layers_per_network': 5, 'n_nodes_per_layer': 40, 'pool_layer_type': <class 'torch.nn.modules.linear.Linear'>, 'batch_size': 64, 'learning_rate': 0.01, 'meta_learning_rate': 0.0003, 'meta_clip_range': 0.2, 'meta_n_steps': 2048, 'loss_fn': MSELoss(), 'sb3_model': 'RecurrentPPO', 'data_dir': 'data'}, {'seed': 628, 'device': 'cuda', 'wandb_tag': '-J', 'run_datetime': '', 'exp_file': 'experiments.json', 'n_runs': 1, 'epochs': 20, 'timesteps': 500, 'n_x': 100, 'n_tasks': 7, 'task_min_loss': defaultdict(<function generate_config.<locals>.<lambda> at 0x2b94a5937ba0>, {}), 'task_max_loss': defaultdict(<function generate_config.<locals>.<lambda> at 0x2b94c91e93a0>, {}), 'in_features': 1, 'out_features': 1, 'n_pool_hidden_layers': 9, 'n_hidden_layers_per_network': 3, 'n_layers_per_network': 5, 'n_nodes_per_layer': 40, 'pool_layer_type': <class 'torch.nn.modules.linear.Linear'>, 'batch_size': 64, 'learning_rate': 0.01, 'meta_learning_rate': 0.0003, 'meta_clip_range': 0.1, 'meta_n_steps': 2048, 'loss_fn': MSELoss(), 'sb3_model': 'PPO', 'data_dir': 'data'}, {'seed': 628, 'device': 'cuda', 'wandb_tag': '-J', 'run_datetime': '', 'exp_file': 'experiments.json', 'n_runs': 1, 'epochs': 20, 'timesteps': 500, 'n_x': 100, 'n_tasks': 7, 'task_min_loss': defaultdict(<function generate_config.<locals>.<lambda> at 0x2b94a5937ba0>, {}), 'task_max_loss': defaultdict(<function generate_config.<locals>.<lambda> at 0x2b94c91e93a0>, {}), 'in_features': 1, 'out_features': 1, 'n_pool_hidden_layers': 9, 'n_hidden_layers_per_network': 3, 'n_layers_per_network': 5, 'n_nodes_per_layer': 40, 'pool_layer_type': <class 'torch.nn.modules.linear.Linear'>, 'batch_size': 64, 'learning_rate': 0.01, 'meta_learning_rate': 0.0003, 'meta_clip_range': 0.2, 'meta_n_steps': 2048, 'loss_fn': MSELoss(), 'sb3_model': 'PPO', 'data_dir': 'data'}, {'seed': 628, 'device': 'cuda', 'wandb_tag': '-J', 'run_datetime': '', 'exp_file': 'experiments.json', 'n_runs': 1, 'epochs': 20, 'timesteps': 500, 'n_x': 100, 'n_tasks': 7, 'task_min_loss': defaultdict(<function generate_config.<locals>.<lambda> at 0x2b94a5937ba0>, {}), 'task_max_loss': defaultdict(<function generate_config.<locals>.<lambda> at 0x2b94c91e93a0>, {}), 'in_features': 1, 'out_features': 1, 'n_pool_hidden_layers': 9, 'n_hidden_layers_per_network': 3, 'n_layers_per_network': 5, 'n_nodes_per_layer': 40, 'pool_layer_type': <class 'torch.nn.modules.linear.Linear'>, 'batch_size': 64, 'learning_rate': 0.01, 'meta_learning_rate': 0.0003, 'meta_clip_range': 0.3, 'meta_n_steps': 2048, 'loss_fn': MSELoss(), 'sb3_model': 'PPO', 'data_dir': 'data'}, {'seed': 628, 'device': 'cuda', 'wandb_tag': '-J', 'run_datetime': '', 'exp_file': 'experiments.json', 'n_runs': 1, 'epochs': 20, 'timesteps': 500, 'n_x': 100, 'n_tasks': 7, 'task_min_loss': defaultdict(<function generate_config.<locals>.<lambda> at 0x2b94a5937ba0>, {}), 'task_max_loss': defaultdict(<function generate_config.<locals>.<lambda> at 0x2b94c91e93a0>, {}), 'in_features': 1, 'out_features': 1, 'n_pool_hidden_layers': 9, 'n_hidden_layers_per_network': 3, 'n_layers_per_network': 5, 'n_nodes_per_layer': 40, 'pool_layer_type': <class 'torch.nn.modules.linear.Linear'>, 'batch_size': 64, 'learning_rate': 0.01, 'meta_learning_rate': 0.0003, 'meta_clip_range': 0.1, 'meta_n_steps': 2048, 'loss_fn': MSELoss(), 'sb3_model': 'RecurrentPPO', 'data_dir': 'data'}, {'seed': 628, 'device': 'cuda', 'wandb_tag': '-J', 'run_datetime': '', 'exp_file': 'experiments.json', 'n_runs': 1, 'epochs': 20, 'timesteps': 500, 'n_x': 100, 'n_tasks': 7, 'task_min_loss': defaultdict(<function generate_config.<locals>.<lambda> at 0x2b94a5937ba0>, {}), 'task_max_loss': defaultdict(<function generate_config.<locals>.<lambda> at 0x2b94c91e93a0>, {}), 'in_features': 1, 'out_features': 1, 'n_pool_hidden_layers': 9, 'n_hidden_layers_per_network': 3, 'n_layers_per_network': 5, 'n_nodes_per_layer': 40, 'pool_layer_type': <class 'torch.nn.modules.linear.Linear'>, 'batch_size': 64, 'learning_rate': 0.01, 'meta_learning_rate': 0.0003, 'meta_clip_range': 0.2, 'meta_n_steps': 2048, 'loss_fn': MSELoss(), 'sb3_model': 'RecurrentPPO', 'data_dir': 'data'}, {'seed': 628, 'device': 'cuda', 'wandb_tag': '-J', 'run_datetime': '', 'exp_file': 'experiments.json', 'n_runs': 1, 'epochs': 20, 'timesteps': 500, 'n_x': 100, 'n_tasks': 7, 'task_min_loss': defaultdict(<function generate_config.<locals>.<lambda> at 0x2b94a5937ba0>, {}), 'task_max_loss': defaultdict(<function generate_config.<locals>.<lambda> at 0x2b94c91e93a0>, {}), 'in_features': 1, 'out_features': 1, 'n_pool_hidden_layers': 9, 'n_hidden_layers_per_network': 3, 'n_layers_per_network': 5, 'n_nodes_per_layer': 40, 'pool_layer_type': <class 'torch.nn.modules.linear.Linear'>, 'batch_size': 64, 'learning_rate': 0.01, 'meta_learning_rate': 0.0003, 'meta_clip_range': 0.3, 'meta_n_steps': 2048, 'loss_fn': MSELoss(), 'sb3_model': 'RecurrentPPO', 'data_dir': 'data'}, {'seed': 628, 'device': 'cuda', 'wandb_tag': '-J', 'run_datetime': '', 'exp_file': 'experiments.json', 'n_runs': 1, 'epochs': 20, 'timesteps': 500, 'n_x': 100, 'n_tasks': 7, 'task_min_loss': defaultdict(<function generate_config.<locals>.<lambda> at 0x2b94a5937ba0>, {}), 'task_max_loss': defaultdict(<function generate_config.<locals>.<lambda> at 0x2b94c91e93a0>, {}), 'in_features': 1, 'out_features': 1, 'n_pool_hidden_layers': 9, 'n_hidden_layers_per_network': 3, 'n_layers_per_network': 5, 'n_nodes_per_layer': 40, 'pool_layer_type': <class 'torch.nn.modules.linear.Linear'>, 'batch_size': 64, 'learning_rate': 0.01, 'meta_learning_rate': 0.0003, 'meta_clip_range': 0.2, 'meta_n_steps': 5, 'loss_fn': MSELoss(), 'sb3_model': 'PPO', 'data_dir': 'data'}, {'seed': 628, 'device': 'cuda', 'wandb_tag': '-J', 'run_datetime': '', 'exp_file': 'experiments.json', 'n_runs': 1, 'epochs': 20, 'timesteps': 500, 'n_x': 100, 'n_tasks': 7, 'task_min_loss': defaultdict(<function generate_config.<locals>.<lambda> at 0x2b94a5937ba0>, {}), 'task_max_loss': defaultdict(<function generate_config.<locals>.<lambda> at 0x2b94c91e93a0>, {}), 'in_features': 1, 'out_features': 1, 'n_pool_hidden_layers': 9, 'n_hidden_layers_per_network': 3, 'n_layers_per_network': 5, 'n_nodes_per_layer': 40, 'pool_layer_type': <class 'torch.nn.modules.linear.Linear'>, 'batch_size': 64, 'learning_rate': 0.01, 'meta_learning_rate': 0.0003, 'meta_clip_range': 0.2, 'meta_n_steps': 128, 'loss_fn': MSELoss(), 'sb3_model': 'PPO', 'data_dir': 'data'}, {'seed': 628, 'device': 'cuda', 'wandb_tag': '-J', 'run_datetime': '', 'exp_file': 'experiments.json', 'n_runs': 1, 'epochs': 20, 'timesteps': 500, 'n_x': 100, 'n_tasks': 7, 'task_min_loss': defaultdict(<function generate_config.<locals>.<lambda> at 0x2b94a5937ba0>, {}), 'task_max_loss': defaultdict(<function generate_config.<locals>.<lambda> at 0x2b94c91e93a0>, {}), 'in_features': 1, 'out_features': 1, 'n_pool_hidden_layers': 9, 'n_hidden_layers_per_network': 3, 'n_layers_per_network': 5, 'n_nodes_per_layer': 40, 'pool_layer_type': <class 'torch.nn.modules.linear.Linear'>, 'batch_size': 64, 'learning_rate': 0.01, 'meta_learning_rate': 0.0003, 'meta_clip_range': 0.2, 'meta_n_steps': 512, 'loss_fn': MSELoss(), 'sb3_model': 'PPO', 'data_dir': 'data'}, {'seed': 628, 'device': 'cuda', 'wandb_tag': '-J', 'run_datetime': '', 'exp_file': 'experiments.json', 'n_runs': 1, 'epochs': 20, 'timesteps': 500, 'n_x': 100, 'n_tasks': 7, 'task_min_loss': defaultdict(<function generate_config.<locals>.<lambda> at 0x2b94a5937ba0>, {}), 'task_max_loss': defaultdict(<function generate_config.<locals>.<lambda> at 0x2b94c91e93a0>, {}), 'in_features': 1, 'out_features': 1, 'n_pool_hidden_layers': 9, 'n_hidden_layers_per_network': 3, 'n_layers_per_network': 5, 'n_nodes_per_layer': 40, 'pool_layer_type': <class 'torch.nn.modules.linear.Linear'>, 'batch_size': 64, 'learning_rate': 0.01, 'meta_learning_rate': 0.0003, 'meta_clip_range': 0.2, 'meta_n_steps': 2048, 'loss_fn': MSELoss(), 'sb3_model': 'PPO', 'data_dir': 'data'}, {'seed': 628, 'device': 'cuda', 'wandb_tag': '-J', 'run_datetime': '', 'exp_file': 'experiments.json', 'n_runs': 1, 'epochs': 20, 'timesteps': 500, 'n_x': 100, 'n_tasks': 7, 'task_min_loss': defaultdict(<function generate_config.<locals>.<lambda> at 0x2b94a5937ba0>, {}), 'task_max_loss': defaultdict(<function generate_config.<locals>.<lambda> at 0x2b94c91e93a0>, {}), 'in_features': 1, 'out_features': 1, 'n_pool_hidden_layers': 9, 'n_hidden_layers_per_network': 3, 'n_layers_per_network': 5, 'n_nodes_per_layer': 40, 'pool_layer_type': <class 'torch.nn.modules.linear.Linear'>, 'batch_size': 64, 'learning_rate': 0.01, 'meta_learning_rate': 0.0003, 'meta_clip_range': 0.2, 'meta_n_steps': 5, 'loss_fn': MSELoss(), 'sb3_model': 'RecurrentPPO', 'data_dir': 'data'}, {'seed': 628, 'device': 'cuda', 'wandb_tag': '-J', 'run_datetime': '', 'exp_file': 'experiments.json', 'n_runs': 1, 'epochs': 20, 'timesteps': 500, 'n_x': 100, 'n_tasks': 7, 'task_min_loss': defaultdict(<function generate_config.<locals>.<lambda> at 0x2b94a5937ba0>, {}), 'task_max_loss': defaultdict(<function generate_config.<locals>.<lambda> at 0x2b94c91e93a0>, {}), 'in_features': 1, 'out_features': 1, 'n_pool_hidden_layers': 9, 'n_hidden_layers_per_network': 3, 'n_layers_per_network': 5, 'n_nodes_per_layer': 40, 'pool_layer_type': <class 'torch.nn.modules.linear.Linear'>, 'batch_size': 64, 'learning_rate': 0.01, 'meta_learning_rate': 0.0003, 'meta_clip_range': 0.2, 'meta_n_steps': 128, 'loss_fn': MSELoss(), 'sb3_model': 'RecurrentPPO', 'data_dir': 'data'}, {'seed': 628, 'device': 'cuda', 'wandb_tag': '-J', 'run_datetime': '', 'exp_file': 'experiments.json', 'n_runs': 1, 'epochs': 20, 'timesteps': 500, 'n_x': 100, 'n_tasks': 7, 'task_min_loss': defaultdict(<function generate_config.<locals>.<lambda> at 0x2b94a5937ba0>, {}), 'task_max_loss': defaultdict(<function generate_config.<locals>.<lambda> at 0x2b94c91e93a0>, {}), 'in_features': 1, 'out_features': 1, 'n_pool_hidden_layers': 9, 'n_hidden_layers_per_network': 3, 'n_layers_per_network': 5, 'n_nodes_per_layer': 40, 'pool_layer_type': <class 'torch.nn.modules.linear.Linear'>, 'batch_size': 64, 'learning_rate': 0.01, 'meta_learning_rate': 0.0003, 'meta_clip_range': 0.2, 'meta_n_steps': 512, 'loss_fn': MSELoss(), 'sb3_model': 'RecurrentPPO', 'data_dir': 'data'}, {'seed': 628, 'device': 'cuda', 'wandb_tag': '-J', 'run_datetime': '', 'exp_file': 'experiments.json', 'n_runs': 1, 'epochs': 20, 'timesteps': 500, 'n_x': 100, 'n_tasks': 7, 'task_min_loss': defaultdict(<function generate_config.<locals>.<lambda> at 0x2b94a5937ba0>, {}), 'task_max_loss': defaultdict(<function generate_config.<locals>.<lambda> at 0x2b94c91e93a0>, {}), 'in_features': 1, 'out_features': 1, 'n_pool_hidden_layers': 9, 'n_hidden_layers_per_network': 3, 'n_layers_per_network': 5, 'n_nodes_per_layer': 40, 'pool_layer_type': <class 'torch.nn.modules.linear.Linear'>, 'batch_size': 64, 'learning_rate': 0.01, 'meta_learning_rate': 0.0003, 'meta_clip_range': 0.2, 'meta_n_steps': 2048, 'loss_fn': MSELoss(), 'sb3_model': 'RecurrentPPO', 'data_dir': 'data'}]
tune/1223_2316
[INFO] Tasks created.
[INFO] Calculating min and max loss for task 1.
[INFO] Calculating min and max loss for task 2.
[INFO] Epoch=1/20
[INFO] Task=1/2
[INFO] Task=2/2
[INFO] Epoch=2/20
[INFO] Task=1/2
[INFO] Task=2/2
[INFO] Epoch=3/20
[INFO] Task=1/2
[INFO] Task=2/2
[INFO] Epoch=4/20
[INFO] Task=1/2
[INFO] Task=2/2
[INFO] Epoch=5/20
[INFO] Task=1/2
[INFO] Task=2/2
[INFO] Epoch=6/20
[INFO] Task=1/2
[INFO] Task=2/2
[INFO] Epoch=7/20
[INFO] Task=1/2
[INFO] Task=2/2
[INFO] Epoch=8/20
[INFO] Task=1/2
[INFO] Task=2/2
[INFO] Epoch=9/20
[INFO] Task=1/2
[INFO] Task=2/2
[INFO] Epoch=10/20
[INFO] Task=1/2
[INFO] Task=2/2
[INFO] Epoch=11/20
[INFO] Task=1/2
[INFO] Task=2/2
[INFO] Epoch=12/20
[INFO] Task=1/2
[INFO] Task=2/2
[INFO] Epoch=13/20
[INFO] Task=1/2
[INFO] Task=2/2
[INFO] Epoch=14/20
[INFO] Task=1/2
[INFO] Task=2/2
[INFO] Epoch=15/20
[INFO] Task=1/2
[INFO] Task=2/2
[INFO] Epoch=16/20
[INFO] Task=1/2
[INFO] Task=2/2
[INFO] Epoch=17/20
[INFO] Task=1/2
[INFO] Task=2/2
[INFO] Epoch=18/20
[INFO] Task=1/2
[INFO] Task=2/2
[INFO] Epoch=19/20
[INFO] Task=1/2
[INFO] Task=2/2
[INFO] Epoch=20/20
[INFO] Task=1/2
[INFO] Task=2/2
[INFO] Calculating min and max loss for task 1.
[INFO] Calculating min and max loss for task 2.
[INFO] Epoch=1/20
[INFO] Task=1/2
[INFO] Task=2/2
[INFO] Epoch=2/20
[INFO] Task=1/2
[INFO] Task=2/2
[INFO] Epoch=3/20
[INFO] Task=1/2
[INFO] Task=2/2
[INFO] Epoch=4/20
[INFO] Task=1/2
[INFO] Task=2/2
[INFO] Epoch=5/20
[INFO] Task=1/2
[INFO] Task=2/2
[INFO] Epoch=6/20
[INFO] Task=1/2
[INFO] Task=2/2
[INFO] Epoch=7/20
[INFO] Task=1/2
[INFO] Task=2/2
[INFO] Epoch=8/20
[INFO] Task=1/2
[INFO] Task=2/2
[INFO] Epoch=9/20
[INFO] Task=1/2
[INFO] Task=2/2
[INFO] Epoch=10/20
[INFO] Task=1/2
[INFO] Task=2/2
[INFO] Epoch=11/20
[INFO] Task=1/2
[INFO] Task=2/2
[INFO] Epoch=12/20
[INFO] Task=1/2
[INFO] Task=2/2
[INFO] Epoch=13/20
[INFO] Task=1/2
[INFO] Task=2/2
[INFO] Epoch=14/20
[INFO] Task=1/2
[INFO] Task=2/2
[INFO] Epoch=15/20
[INFO] Task=1/2
[INFO] Task=2/2
[INFO] Epoch=16/20
[INFO] Task=1/2
[INFO] Task=2/2
[INFO] Epoch=17/20
[INFO] Task=1/2
[INFO] Task=2/2
[INFO] Epoch=18/20
[INFO] Task=1/2
[INFO] Task=2/2
[INFO] Epoch=19/20
[INFO] Task=1/2
[INFO] Task=2/2
[INFO] Epoch=20/20
[INFO] Task=1/2
[INFO] Task=2/2
[INFO] Calculating min and max loss for task 1.
[INFO] Calculating min and max loss for task 2.
[INFO] Epoch=1/20
[INFO] Task=1/2
[INFO] Task=2/2
[INFO] Epoch=2/20
[INFO] Task=1/2
[INFO] Task=2/2
[INFO] Epoch=3/20
[INFO] Task=1/2
[INFO] Task=2/2
[INFO] Epoch=4/20
[INFO] Task=1/2
[INFO] Task=2/2
[INFO] Epoch=5/20
[INFO] Task=1/2
[INFO] Task=2/2
[INFO] Epoch=6/20
[INFO] Task=1/2
[INFO] Task=2/2
[INFO] Epoch=7/20
[INFO] Task=1/2
[INFO] Task=2/2
[INFO] Epoch=8/20
[INFO] Task=1/2
[INFO] Task=2/2
[INFO] Epoch=9/20
[INFO] Task=1/2
[INFO] Task=2/2
[INFO] Epoch=10/20
[INFO] Task=1/2
[INFO] Task=2/2
[INFO] Epoch=11/20
[INFO] Task=1/2
[INFO] Task=2/2
[INFO] Epoch=12/20
[INFO] Task=1/2
[INFO] Task=2/2
[INFO] Epoch=13/20
[INFO] Task=1/2
[INFO] Task=2/2
[INFO] Epoch=14/20
[INFO] Task=1/2
[INFO] Task=2/2
[INFO] Epoch=15/20
[INFO] Task=1/2
[INFO] Task=2/2
[INFO] Epoch=16/20
[INFO] Task=1/2
[INFO] Task=2/2
[INFO] Epoch=17/20
[INFO] Task=1/2
[INFO] Task=2/2
[INFO] Epoch=18/20
[INFO] Task=1/2
[INFO] Task=2/2
[INFO] Epoch=19/20
[INFO] Task=1/2
[INFO] Task=2/2
[INFO] Epoch=20/20
[INFO] Task=1/2
[INFO] Task=2/2
[INFO] Calculating min and max loss for task 1.
[INFO] Calculating min and max loss for task 2.
[INFO] Epoch=1/20
[INFO] Task=1/2
[INFO] Task=2/2
[INFO] Epoch=2/20
[INFO] Task=1/2
[INFO] Task=2/2
[INFO] Epoch=3/20
[INFO] Task=1/2
[INFO] Task=2/2
[INFO] Epoch=4/20
[INFO] Task=1/2
[INFO] Task=2/2
[INFO] Epoch=5/20
[INFO] Task=1/2
[INFO] Task=2/2
[INFO] Epoch=6/20
[INFO] Task=1/2
[INFO] Task=2/2
[INFO] Epoch=7/20
[INFO] Task=1/2
[INFO] Task=2/2
[INFO] Epoch=8/20
[INFO] Task=1/2
[INFO] Task=2/2
[INFO] Epoch=9/20
[INFO] Task=1/2
[INFO] Task=2/2
[INFO] Epoch=10/20
[INFO] Task=1/2
[INFO] Task=2/2
[INFO] Epoch=11/20
[INFO] Task=1/2
[INFO] Task=2/2
[INFO] Epoch=12/20
[INFO] Task=1/2
[INFO] Task=2/2
[INFO] Epoch=13/20
[INFO] Task=1/2
[INFO] Task=2/2
[INFO] Epoch=14/20
[INFO] Task=1/2
[INFO] Task=2/2
[INFO] Epoch=15/20
[INFO] Task=1/2
[INFO] Task=2/2
[INFO] Epoch=16/20
[INFO] Task=1/2
[INFO] Task=2/2
[INFO] Epoch=17/20
[INFO] Task=1/2
[INFO] Task=2/2
[INFO] Epoch=18/20
[INFO] Task=1/2
[INFO] Task=2/2
[INFO] Epoch=19/20
[INFO] Task=1/2
[INFO] Task=2/2
[INFO] Epoch=20/20
[INFO] Task=1/2
[INFO] Task=2/2
[INFO] Calculating min and max loss for task 1.
[INFO] Calculating min and max loss for task 2.
[INFO] Epoch=1/20
[INFO] Task=1/2
[INFO] Task=2/2
[INFO] Epoch=2/20
[INFO] Task=1/2
[INFO] Task=2/2
[INFO] Epoch=3/20
[INFO] Task=1/2
[INFO] Task=2/2
[INFO] Epoch=4/20
[INFO] Task=1/2
[INFO] Task=2/2
[INFO] Epoch=5/20
[INFO] Task=1/2
[INFO] Task=2/2
[INFO] Epoch=6/20
[INFO] Task=1/2
[INFO] Task=2/2
[INFO] Epoch=7/20
[INFO] Task=1/2
[INFO] Task=2/2
[INFO] Epoch=8/20
[INFO] Task=1/2
[INFO] Task=2/2
[INFO] Epoch=9/20
[INFO] Task=1/2
[INFO] Task=2/2
[INFO] Epoch=10/20
[INFO] Task=1/2
[INFO] Task=2/2
[INFO] Epoch=11/20
[INFO] Task=1/2
[INFO] Task=2/2
[INFO] Epoch=12/20
[INFO] Task=1/2
[INFO] Task=2/2
[INFO] Epoch=13/20
[INFO] Task=1/2
[INFO] Task=2/2
[INFO] Epoch=14/20
[INFO] Task=1/2
[INFO] Task=2/2
[INFO] Epoch=15/20
[INFO] Task=1/2
[INFO] Task=2/2
[INFO] Epoch=16/20
[INFO] Task=1/2
[INFO] Task=2/2
[INFO] Epoch=17/20
[INFO] Task=1/2
[INFO] Task=2/2
[INFO] Epoch=18/20
[INFO] Task=1/2
[INFO] Task=2/2
[INFO] Epoch=19/20
[INFO] Task=1/2
[INFO] Task=2/2
[INFO] Epoch=20/20
[INFO] Task=1/2
[INFO] Task=2/2
[INFO] Calculating min and max loss for task 1.
[INFO] Calculating min and max loss for task 2.
[INFO] Epoch=1/20
[INFO] Task=1/2
[INFO] Task=2/2
[INFO] Epoch=2/20
[INFO] Task=1/2
[INFO] Task=2/2
[INFO] Epoch=3/20
[INFO] Task=1/2
[INFO] Task=2/2
[INFO] Epoch=4/20
[INFO] Task=1/2
[INFO] Task=2/2
[INFO] Epoch=5/20
[INFO] Task=1/2
[INFO] Task=2/2
[INFO] Epoch=6/20
[INFO] Task=1/2
[INFO] Task=2/2
[INFO] Epoch=7/20
[INFO] Task=1/2
[INFO] Task=2/2
[INFO] Epoch=8/20
[INFO] Task=1/2
[INFO] Task=2/2
[INFO] Epoch=9/20
[INFO] Task=1/2
[INFO] Task=2/2
[INFO] Epoch=10/20
[INFO] Task=1/2
[INFO] Task=2/2
[INFO] Epoch=11/20
[INFO] Task=1/2
[INFO] Task=2/2
[INFO] Epoch=12/20
[INFO] Task=1/2
[INFO] Task=2/2
[INFO] Epoch=13/20
[INFO] Task=1/2
[INFO] Task=2/2
[INFO] Epoch=14/20
[INFO] Task=1/2
[INFO] Task=2/2
[INFO] Epoch=15/20
[INFO] Task=1/2
[INFO] Task=2/2
[INFO] Epoch=16/20
[INFO] Task=1/2
[INFO] Task=2/2
[INFO] Epoch=17/20
[INFO] Task=1/2
[INFO] Task=2/2
[INFO] Epoch=18/20
[INFO] Task=1/2
[INFO] Task=2/2
[INFO] Epoch=19/20
[INFO] Task=1/2
[INFO] Task=2/2
[INFO] Epoch=20/20
[INFO] Task=1/2
[INFO] Task=2/2
[INFO] Calculating min and max loss for task 1.
[INFO] Calculating min and max loss for task 2.
[INFO] Epoch=1/20
[INFO] Task=1/2
[INFO] Task=2/2
[INFO] Epoch=2/20
[INFO] Task=1/2
[INFO] Task=2/2
[INFO] Epoch=3/20
[INFO] Task=1/2
[INFO] Task=2/2
[INFO] Epoch=4/20
[INFO] Task=1/2
[INFO] Task=2/2
[INFO] Epoch=5/20
[INFO] Task=1/2
[INFO] Task=2/2
[INFO] Epoch=6/20
[INFO] Task=1/2
[INFO] Task=2/2
[INFO] Epoch=7/20
[INFO] Task=1/2
[INFO] Task=2/2
[INFO] Epoch=8/20
[INFO] Task=1/2
[INFO] Task=2/2
[INFO] Epoch=9/20
[INFO] Task=1/2
[INFO] Task=2/2
[INFO] Epoch=10/20
[INFO] Task=1/2
[INFO] Task=2/2
[INFO] Epoch=11/20
[INFO] Task=1/2
[INFO] Task=2/2
[INFO] Epoch=12/20
[INFO] Task=1/2
[INFO] Task=2/2
[INFO] Epoch=13/20
[INFO] Task=1/2
[INFO] Task=2/2
[INFO] Epoch=14/20
[INFO] Task=1/2
[INFO] Task=2/2
[INFO] Epoch=15/20
[INFO] Task=1/2
[INFO] Task=2/2
[INFO] Epoch=16/20
[INFO] Task=1/2
[INFO] Task=2/2
[INFO] Epoch=17/20
[INFO] Task=1/2
[INFO] Task=2/2
[INFO] Epoch=18/20
[INFO] Task=1/2
[INFO] Task=2/2
[INFO] Epoch=19/20
[INFO] Task=1/2
[INFO] Task=2/2
[INFO] Epoch=20/20
[INFO] Task=1/2
[INFO] Task=2/2
[INFO] Calculating min and max loss for task 1.
[INFO] Calculating min and max loss for task 2.
[INFO] Epoch=1/20
[INFO] Task=1/2
[INFO] Task=2/2
[INFO] Epoch=2/20
[INFO] Task=1/2
[INFO] Task=2/2
[INFO] Epoch=3/20
[INFO] Task=1/2
[INFO] Task=2/2
[INFO] Epoch=4/20
[INFO] Task=1/2
[INFO] Task=2/2
[INFO] Epoch=5/20
[INFO] Task=1/2
[INFO] Task=2/2
[INFO] Epoch=6/20
[INFO] Task=1/2
[INFO] Task=2/2
[INFO] Epoch=7/20
[INFO] Task=1/2
[INFO] Task=2/2
[INFO] Epoch=8/20
[INFO] Task=1/2
[INFO] Task=2/2
[INFO] Epoch=9/20
[INFO] Task=1/2
[INFO] Task=2/2
[INFO] Epoch=10/20
[INFO] Task=1/2
[INFO] Task=2/2
[INFO] Epoch=11/20
[INFO] Task=1/2
[INFO] Task=2/2
[INFO] Epoch=12/20
[INFO] Task=1/2
[INFO] Task=2/2
[INFO] Epoch=13/20
[INFO] Task=1/2
[INFO] Task=2/2
[INFO] Epoch=14/20
[INFO] Task=1/2
[INFO] Task=2/2
[INFO] Epoch=15/20
[INFO] Task=1/2
[INFO] Task=2/2
[INFO] Epoch=16/20
[INFO] Task=1/2
[INFO] Task=2/2
[INFO] Epoch=17/20
[INFO] Task=1/2
[INFO] Task=2/2
[INFO] Epoch=18/20
[INFO] Task=1/2
[INFO] Task=2/2
[INFO] Epoch=19/20
[INFO] Task=1/2
[INFO] Task=2/2
[INFO] Epoch=20/20
[INFO] Task=1/2
[INFO] Task=2/2
[INFO] Calculating min and max loss for task 1.
[INFO] Calculating min and max loss for task 2.
[INFO] Epoch=1/20
[INFO] Task=1/2
[INFO] Task=2/2
[INFO] Epoch=2/20
[INFO] Task=1/2
[INFO] Task=2/2
[INFO] Epoch=3/20
[INFO] Task=1/2
[INFO] Task=2/2
[INFO] Epoch=4/20
[INFO] Task=1/2
[INFO] Task=2/2
[INFO] Epoch=5/20
[INFO] Task=1/2
[INFO] Task=2/2
[INFO] Epoch=6/20
[INFO] Task=1/2
[INFO] Task=2/2
[INFO] Epoch=7/20
[INFO] Task=1/2
[INFO] Task=2/2
[INFO] Epoch=8/20
[INFO] Task=1/2
[INFO] Task=2/2
[INFO] Epoch=9/20
[INFO] Task=1/2
[INFO] Task=2/2
[INFO] Epoch=10/20
[INFO] Task=1/2
[INFO] Task=2/2
[INFO] Epoch=11/20
[INFO] Task=1/2
[INFO] Task=2/2
[INFO] Epoch=12/20
[INFO] Task=1/2
[INFO] Task=2/2
[INFO] Epoch=13/20
[INFO] Task=1/2
[INFO] Task=2/2
[INFO] Epoch=14/20
[INFO] Task=1/2
[INFO] Task=2/2
[INFO] Epoch=15/20
[INFO] Task=1/2
[INFO] Task=2/2
[INFO] Epoch=16/20
[INFO] Task=1/2
[INFO] Task=2/2
[INFO] Epoch=17/20
[INFO] Task=1/2
[INFO] Task=2/2
[INFO] Epoch=18/20
[INFO] Task=1/2
[INFO] Task=2/2
[INFO] Epoch=19/20
[INFO] Task=1/2
[INFO] Task=2/2
[INFO] Epoch=20/20
[INFO] Task=1/2
[INFO] Task=2/2
[INFO] Calculating min and max loss for task 1.
[INFO] Calculating min and max loss for task 2.
[INFO] Epoch=1/20
[INFO] Task=1/2
[INFO] Task=2/2
[INFO] Epoch=2/20
[INFO] Task=1/2
[INFO] Task=2/2
[INFO] Epoch=3/20
[INFO] Task=1/2
[INFO] Task=2/2
[INFO] Epoch=4/20
[INFO] Task=1/2
[INFO] Task=2/2
[INFO] Epoch=5/20
[INFO] Task=1/2
[INFO] Task=2/2
[INFO] Epoch=6/20
[INFO] Task=1/2
[INFO] Task=2/2
[INFO] Epoch=7/20
[INFO] Task=1/2
[INFO] Task=2/2
[INFO] Epoch=8/20
[INFO] Task=1/2
[INFO] Task=2/2
[INFO] Epoch=9/20
[INFO] Task=1/2
[INFO] Task=2/2
[INFO] Epoch=10/20
[INFO] Task=1/2
[INFO] Task=2/2
[INFO] Epoch=11/20
[INFO] Task=1/2
[INFO] Task=2/2
[INFO] Epoch=12/20
[INFO] Task=1/2
[INFO] Task=2/2
[INFO] Epoch=13/20
[INFO] Task=1/2
[INFO] Task=2/2
[INFO] Epoch=14/20
[INFO] Task=1/2
[INFO] Task=2/2
[INFO] Epoch=15/20
[INFO] Task=1/2
[INFO] Task=2/2
[INFO] Epoch=16/20
[INFO] Task=1/2
[INFO] Task=2/2
[INFO] Epoch=17/20
[INFO] Task=1/2
[INFO] Task=2/2
[INFO] Epoch=18/20
[INFO] Task=1/2
[INFO] Task=2/2
[INFO] Epoch=19/20
[INFO] Task=1/2
[INFO] Task=2/2
[INFO] Epoch=20/20
[INFO] Task=1/2
[INFO] Task=2/2
[INFO] Calculating min and max loss for task 1.
[INFO] Calculating min and max loss for task 2.
[INFO] Epoch=1/20
[INFO] Task=1/2
[INFO] Task=2/2
[INFO] Epoch=2/20
[INFO] Task=1/2
[INFO] Task=2/2
[INFO] Epoch=3/20
[INFO] Task=1/2
[INFO] Task=2/2
[INFO] Epoch=4/20
[INFO] Task=1/2
[INFO] Task=2/2
[INFO] Epoch=5/20
[INFO] Task=1/2
[INFO] Task=2/2
[INFO] Epoch=6/20
[INFO] Task=1/2
[INFO] Task=2/2
[INFO] Epoch=7/20
[INFO] Task=1/2
[INFO] Task=2/2
[INFO] Epoch=8/20
[INFO] Task=1/2
[INFO] Task=2/2
[INFO] Epoch=9/20
[INFO] Task=1/2
[INFO] Task=2/2
[INFO] Epoch=10/20
[INFO] Task=1/2
[INFO] Task=2/2
[INFO] Epoch=11/20
[INFO] Task=1/2
[INFO] Task=2/2
[INFO] Epoch=12/20
[INFO] Task=1/2
[INFO] Task=2/2
[INFO] Epoch=13/20
[INFO] Task=1/2
[INFO] Task=2/2
[INFO] Epoch=14/20
[INFO] Task=1/2
[INFO] Task=2/2
[INFO] Epoch=15/20
[INFO] Task=1/2
[INFO] Task=2/2
[INFO] Epoch=16/20
[INFO] Task=1/2
[INFO] Task=2/2
[INFO] Epoch=17/20
[INFO] Task=1/2
[INFO] Task=2/2
[INFO] Epoch=18/20
[INFO] Task=1/2
[INFO] Task=2/2
[INFO] Epoch=19/20
[INFO] Task=1/2
[INFO] Task=2/2
[INFO] Epoch=20/20
[INFO] Task=1/2
[INFO] Task=2/2
[INFO] Calculating min and max loss for task 1.
[INFO] Calculating min and max loss for task 2.
[INFO] Epoch=1/20
[INFO] Task=1/2
[INFO] Task=2/2
[INFO] Epoch=2/20
[INFO] Task=1/2
[INFO] Task=2/2
[INFO] Epoch=3/20
[INFO] Task=1/2
[INFO] Task=2/2
[INFO] Epoch=4/20
[INFO] Task=1/2
[INFO] Task=2/2
[INFO] Epoch=5/20
[INFO] Task=1/2
[INFO] Task=2/2
[INFO] Epoch=6/20
[INFO] Task=1/2
[INFO] Task=2/2
[INFO] Epoch=7/20
[INFO] Task=1/2
[INFO] Task=2/2
[INFO] Epoch=8/20
[INFO] Task=1/2
[INFO] Task=2/2
[INFO] Epoch=9/20
[INFO] Task=1/2
[INFO] Task=2/2
[INFO] Epoch=10/20
[INFO] Task=1/2
[INFO] Task=2/2
[INFO] Epoch=11/20
[INFO] Task=1/2
[INFO] Task=2/2
[INFO] Epoch=12/20
[INFO] Task=1/2
[INFO] Task=2/2
[INFO] Epoch=13/20
[INFO] Task=1/2
[INFO] Task=2/2
[INFO] Epoch=14/20
[INFO] Task=1/2
[INFO] Task=2/2
[INFO] Epoch=15/20
[INFO] Task=1/2
[INFO] Task=2/2
[INFO] Epoch=16/20
[INFO] Task=1/2
[INFO] Task=2/2
[INFO] Epoch=17/20
[INFO] Task=1/2
[INFO] Task=2/2
[INFO] Epoch=18/20
[INFO] Task=1/2
[INFO] Task=2/2
[INFO] Epoch=19/20
[INFO] Task=1/2
[INFO] Task=2/2
[INFO] Epoch=20/20
[INFO] Task=1/2
[INFO] Task=2/2
[INFO] Calculating min and max loss for task 1.
[INFO] Calculating min and max loss for task 2.
[INFO] Epoch=1/20
[INFO] Task=1/2
[INFO] Task=2/2
[INFO] Epoch=2/20
[INFO] Task=1/2
[INFO] Task=2/2
[INFO] Epoch=3/20
[INFO] Task=1/2
[INFO] Task=2/2
[INFO] Epoch=4/20
[INFO] Task=1/2
[INFO] Task=2/2
[INFO] Epoch=5/20
[INFO] Task=1/2
[INFO] Task=2/2
[INFO] Epoch=6/20
[INFO] Task=1/2
[INFO] Task=2/2
[INFO] Epoch=7/20
[INFO] Task=1/2
[INFO] Task=2/2
[INFO] Epoch=8/20
[INFO] Task=1/2
[INFO] Task=2/2
[INFO] Epoch=9/20
[INFO] Task=1/2
[INFO] Task=2/2
[INFO] Epoch=10/20
[INFO] Task=1/2
[INFO] Task=2/2
[INFO] Epoch=11/20
[INFO] Task=1/2
[INFO] Task=2/2
[INFO] Epoch=12/20
[INFO] Task=1/2
[INFO] Task=2/2
[INFO] Epoch=13/20
[INFO] Task=1/2
[INFO] Task=2/2
[INFO] Epoch=14/20
[INFO] Task=1/2
[INFO] Task=2/2
[INFO] Epoch=15/20
[INFO] Task=1/2
[INFO] Task=2/2
[INFO] Epoch=16/20
[INFO] Task=1/2
[INFO] Task=2/2
[INFO] Epoch=17/20
[INFO] Task=1/2
[INFO] Task=2/2
[INFO] Epoch=18/20
[INFO] Task=1/2
[INFO] Task=2/2
[INFO] Epoch=19/20
[INFO] Task=1/2
[INFO] Task=2/2
[INFO] Epoch=20/20
[INFO] Task=1/2
[INFO] Task=2/2
[INFO] Calculating min and max loss for task 1.
[INFO] Calculating min and max loss for task 2.
[INFO] Epoch=1/20
[INFO] Task=1/2
[INFO] Task=2/2
[INFO] Epoch=2/20
[INFO] Task=1/2
[INFO] Task=2/2
[INFO] Epoch=3/20
[INFO] Task=1/2
[INFO] Task=2/2
[INFO] Epoch=4/20
[INFO] Task=1/2
[INFO] Task=2/2
[INFO] Epoch=5/20
[INFO] Task=1/2
[INFO] Task=2/2
[INFO] Epoch=6/20
[INFO] Task=1/2
[INFO] Task=2/2
[INFO] Epoch=7/20
[INFO] Task=1/2
[INFO] Task=2/2
[INFO] Epoch=8/20
[INFO] Task=1/2
[INFO] Task=2/2
[INFO] Epoch=9/20
[INFO] Task=1/2
[INFO] Task=2/2
[INFO] Epoch=10/20
[INFO] Task=1/2
[INFO] Task=2/2
[INFO] Epoch=11/20
[INFO] Task=1/2
[INFO] Task=2/2
[INFO] Epoch=12/20
[INFO] Task=1/2
[INFO] Task=2/2
[INFO] Epoch=13/20
[INFO] Task=1/2
[INFO] Task=2/2
[INFO] Epoch=14/20
[INFO] Task=1/2
[INFO] Task=2/2
[INFO] Epoch=15/20
[INFO] Task=1/2
[INFO] Task=2/2
[INFO] Epoch=16/20
[INFO] Task=1/2
[INFO] Task=2/2
[INFO] Epoch=17/20
[INFO] Task=1/2
[INFO] Task=2/2
[INFO] Epoch=18/20
[INFO] Task=1/2
[INFO] Task=2/2
[INFO] Epoch=19/20
[INFO] Task=1/2
[INFO] Task=2/2
[INFO] Epoch=20/20
[INFO] Task=1/2
[INFO] Task=2/2
[INFO] Calculating min and max loss for task 1.
[INFO] Calculating min and max loss for task 2.
[INFO] Epoch=1/20
[INFO] Task=1/2
[INFO] Task=2/2
[INFO] Epoch=2/20
[INFO] Task=1/2
[INFO] Task=2/2
[INFO] Epoch=3/20
[INFO] Task=1/2
[INFO] Task=2/2
[INFO] Epoch=4/20
[INFO] Task=1/2
[INFO] Task=2/2
[INFO] Epoch=5/20
[INFO] Task=1/2
[INFO] Task=2/2
[INFO] Epoch=6/20
[INFO] Task=1/2
[INFO] Task=2/2
[INFO] Epoch=7/20
[INFO] Task=1/2
[INFO] Task=2/2
[INFO] Epoch=8/20
[INFO] Task=1/2
[INFO] Task=2/2
[INFO] Epoch=9/20
[INFO] Task=1/2
[INFO] Task=2/2
[INFO] Epoch=10/20
[INFO] Task=1/2
[INFO] Task=2/2
[INFO] Epoch=11/20
[INFO] Task=1/2
[INFO] Task=2/2
[INFO] Epoch=12/20
[INFO] Task=1/2
[INFO] Task=2/2
[INFO] Epoch=13/20
[INFO] Task=1/2
[INFO] Task=2/2
[INFO] Epoch=14/20
[INFO] Task=1/2
[INFO] Task=2/2
[INFO] Epoch=15/20
[INFO] Task=1/2
[INFO] Task=2/2
[INFO] Epoch=16/20
[INFO] Task=1/2
[INFO] Task=2/2
[INFO] Epoch=17/20
[INFO] Task=1/2
[INFO] Task=2/2
[INFO] Epoch=18/20
[INFO] Task=1/2
[INFO] Task=2/2
[INFO] Epoch=19/20
[INFO] Task=1/2
[INFO] Task=2/2
[INFO] Epoch=20/20
[INFO] Task=1/2
[INFO] Task=2/2
[INFO] Calculating min and max loss for task 1.
[INFO] Calculating min and max loss for task 2.
[INFO] Epoch=1/20
[INFO] Task=1/2
[INFO] Task=2/2
[INFO] Epoch=2/20
[INFO] Task=1/2
[INFO] Task=2/2
[INFO] Epoch=3/20
[INFO] Task=1/2
[INFO] Task=2/2
[INFO] Epoch=4/20
[INFO] Task=1/2
[INFO] Task=2/2
[INFO] Epoch=5/20
[INFO] Task=1/2
[INFO] Task=2/2
[INFO] Epoch=6/20
[INFO] Task=1/2
[INFO] Task=2/2
[INFO] Epoch=7/20
[INFO] Task=1/2
[INFO] Task=2/2
[INFO] Epoch=8/20
[INFO] Task=1/2
[INFO] Task=2/2
[INFO] Epoch=9/20
[INFO] Task=1/2
[INFO] Task=2/2
[INFO] Epoch=10/20
[INFO] Task=1/2
[INFO] Task=2/2
[INFO] Epoch=11/20
[INFO] Task=1/2
[INFO] Task=2/2
[INFO] Epoch=12/20
[INFO] Task=1/2
[INFO] Task=2/2
[INFO] Epoch=13/20
[INFO] Task=1/2
[INFO] Task=2/2
[INFO] Epoch=14/20
[INFO] Task=1/2
[INFO] Task=2/2
[INFO] Epoch=15/20
[INFO] Task=1/2
[INFO] Task=2/2
[INFO] Epoch=16/20
[INFO] Task=1/2
[INFO] Task=2/2
[INFO] Epoch=17/20
[INFO] Task=1/2
[INFO] Task=2/2
[INFO] Epoch=18/20
[INFO] Task=1/2
[INFO] Task=2/2
[INFO] Epoch=19/20
[INFO] Task=1/2
[INFO] Task=2/2
[INFO] Epoch=20/20
[INFO] Task=1/2
[INFO] Task=2/2
[INFO] Calculating min and max loss for task 1.
[INFO] Calculating min and max loss for task 2.
[INFO] Epoch=1/20
[INFO] Task=1/2
[INFO] Task=2/2
[INFO] Epoch=2/20
[INFO] Task=1/2
[INFO] Task=2/2
[INFO] Epoch=3/20
[INFO] Task=1/2
[INFO] Task=2/2
[INFO] Epoch=4/20
[INFO] Task=1/2
[INFO] Task=2/2
[INFO] Epoch=5/20
[INFO] Task=1/2
[INFO] Task=2/2
[INFO] Epoch=6/20
[INFO] Task=1/2
[INFO] Task=2/2
[INFO] Epoch=7/20
[INFO] Task=1/2
[INFO] Task=2/2
[INFO] Epoch=8/20
[INFO] Task=1/2
[INFO] Task=2/2
[INFO] Epoch=9/20
[INFO] Task=1/2
[INFO] Task=2/2
[INFO] Epoch=10/20
[INFO] Task=1/2
[INFO] Task=2/2
[INFO] Epoch=11/20
[INFO] Task=1/2
[INFO] Task=2/2
[INFO] Epoch=12/20
[INFO] Task=1/2
[INFO] Task=2/2
[INFO] Epoch=13/20
[INFO] Task=1/2
[INFO] Task=2/2
[INFO] Epoch=14/20
[INFO] Task=1/2
[INFO] Task=2/2
[INFO] Epoch=15/20
[INFO] Task=1/2
[INFO] Task=2/2
[INFO] Epoch=16/20
[INFO] Task=1/2
[INFO] Task=2/2
[INFO] Epoch=17/20
[INFO] Task=1/2
[INFO] Task=2/2
[INFO] Epoch=18/20
[INFO] Task=1/2
[INFO] Task=2/2
[INFO] Epoch=19/20
[INFO] Task=1/2
[INFO] Task=2/2
[INFO] Epoch=20/20
[INFO] Task=1/2
[INFO] Task=2/2
[INFO] Calculating min and max loss for task 1.
[INFO] Calculating min and max loss for task 2.
[INFO] Epoch=1/20
[INFO] Task=1/2
[INFO] Task=2/2
[INFO] Epoch=2/20
[INFO] Task=1/2
[INFO] Task=2/2
[INFO] Epoch=3/20
[INFO] Task=1/2
[INFO] Task=2/2
[INFO] Epoch=4/20
[INFO] Task=1/2
[INFO] Task=2/2
[INFO] Epoch=5/20
[INFO] Task=1/2
[INFO] Task=2/2
[INFO] Epoch=6/20
[INFO] Task=1/2
[INFO] Task=2/2
[INFO] Epoch=7/20
[INFO] Task=1/2
[INFO] Task=2/2
[INFO] Epoch=8/20
[INFO] Task=1/2
[INFO] Task=2/2
[INFO] Epoch=9/20
[INFO] Task=1/2
[INFO] Task=2/2
[INFO] Epoch=10/20
[INFO] Task=1/2
[INFO] Task=2/2
[INFO] Epoch=11/20
[INFO] Task=1/2
[INFO] Task=2/2
[INFO] Epoch=12/20
[INFO] Task=1/2
[INFO] Task=2/2
[INFO] Epoch=13/20
[INFO] Task=1/2
[INFO] Task=2/2
[INFO] Epoch=14/20
[INFO] Task=1/2
[INFO] Task=2/2
[INFO] Epoch=15/20
[INFO] Task=1/2
[INFO] Task=2/2
[INFO] Epoch=16/20
[INFO] Task=1/2
[INFO] Task=2/2
[INFO] Epoch=17/20
[INFO] Task=1/2
[INFO] Task=2/2
[INFO] Epoch=18/20
[INFO] Task=1/2
[INFO] Task=2/2
[INFO] Epoch=19/20
[INFO] Task=1/2
[INFO] Task=2/2
[INFO] Epoch=20/20
[INFO] Task=1/2
[INFO] Task=2/2
[INFO] Calculating min and max loss for task 1.
[INFO] Calculating min and max loss for task 2.
[INFO] Epoch=1/20
[INFO] Task=1/2
[INFO] Task=2/2
[INFO] Epoch=2/20
[INFO] Task=1/2
[INFO] Task=2/2
[INFO] Epoch=3/20
[INFO] Task=1/2
[INFO] Task=2/2
[INFO] Epoch=4/20
[INFO] Task=1/2
[INFO] Task=2/2
[INFO] Epoch=5/20
[INFO] Task=1/2
[INFO] Task=2/2
[INFO] Epoch=6/20
[INFO] Task=1/2
[INFO] Task=2/2
[INFO] Epoch=7/20
[INFO] Task=1/2
[INFO] Task=2/2
[INFO] Epoch=8/20
[INFO] Task=1/2
[INFO] Task=2/2
[INFO] Epoch=9/20
[INFO] Task=1/2
[INFO] Task=2/2
[INFO] Epoch=10/20
[INFO] Task=1/2
[INFO] Task=2/2
[INFO] Epoch=11/20
[INFO] Task=1/2
[INFO] Task=2/2
[INFO] Epoch=12/20
[INFO] Task=1/2
[INFO] Task=2/2
[INFO] Epoch=13/20
[INFO] Task=1/2
[INFO] Task=2/2
[INFO] Epoch=14/20
[INFO] Task=1/2
[INFO] Task=2/2
[INFO] Epoch=15/20
[INFO] Task=1/2
[INFO] Task=2/2
[INFO] Epoch=16/20
[INFO] Task=1/2
[INFO] Task=2/2
[INFO] Epoch=17/20
[INFO] Task=1/2
[INFO] Task=2/2
[INFO] Epoch=18/20
[INFO] Task=1/2
[INFO] Task=2/2
[INFO] Epoch=19/20
[INFO] Task=1/2
[INFO] Task=2/2
[INFO] Epoch=20/20
[INFO] Task=1/2
[INFO] Task=2/2
[INFO] Calculating min and max loss for task 1.
[INFO] Calculating min and max loss for task 2.
[INFO] Epoch=1/20
[INFO] Task=1/2
[INFO] Task=2/2
[INFO] Epoch=2/20
[INFO] Task=1/2
[INFO] Task=2/2
[INFO] Epoch=3/20
[INFO] Task=1/2
[INFO] Task=2/2
[INFO] Epoch=4/20
[INFO] Task=1/2
[INFO] Task=2/2
[INFO] Epoch=5/20
[INFO] Task=1/2
[INFO] Task=2/2
[INFO] Epoch=6/20
[INFO] Task=1/2
[INFO] Task=2/2
[INFO] Epoch=7/20
[INFO] Task=1/2
[INFO] Task=2/2
[INFO] Epoch=8/20
[INFO] Task=1/2
[INFO] Task=2/2
[INFO] Epoch=9/20
[INFO] Task=1/2
[INFO] Task=2/2
[INFO] Epoch=10/20
[INFO] Task=1/2
[INFO] Task=2/2
[INFO] Epoch=11/20
[INFO] Task=1/2
[INFO] Task=2/2
[INFO] Epoch=12/20
[INFO] Task=1/2
[INFO] Task=2/2
[INFO] Epoch=13/20
[INFO] Task=1/2
[INFO] Task=2/2
[INFO] Epoch=14/20
[INFO] Task=1/2
[INFO] Task=2/2
[INFO] Epoch=15/20
[INFO] Task=1/2
[INFO] Task=2/2
[INFO] Epoch=16/20
[INFO] Task=1/2
[INFO] Task=2/2
[INFO] Epoch=17/20
[INFO] Task=1/2
[INFO] Task=2/2
[INFO] Epoch=18/20
[INFO] Task=1/2
[INFO] Task=2/2
[INFO] Epoch=19/20
[INFO] Task=1/2
[INFO] Task=2/2
[INFO] Epoch=20/20
[INFO] Task=1/2
[INFO] Task=2/2
