[INFO] Config={'seed': 940, 'device': 'cuda', 'wandb_run': 'recurrentppo, 10, 20, 1000, 7', 'n_runs': 10, 'epochs': 20, 'timesteps': 1000, 'n_x': 100, 'n_tasks': 7, 'task_min_loss': defaultdict(<function <lambda> at 0x2b322edf1440>, {}), 'task_max_loss': defaultdict(<function <lambda> at 0x2b326aa35a80>, {}), 'in_features': 1, 'out_features': 1, 'n_pool_hidden_layers': 6, 'n_hidden_layers_per_network': 3, 'n_layers_per_network': 5, 'n_nodes_per_layer': 40, 'pool_layer_type': <class 'torch.nn.modules.linear.Linear'>, 'batch_size': 32, 'learning_rate': 0.005, 'discount_factor': 0.95, 'loss_fn': MSELoss(), 'sb3_model': 'RecurrentPPO', 'sb3_policy': 'MlpLstmPolicy', 'data_dir': 'slurm'}
[INFO] Tasks created.
[INFO] n=1
[INFO] Calculating min and max loss for task 1.
[INFO] Calculating min and max loss for task 2.
[INFO] Calculating min and max loss for task 3.
[INFO] Calculating min and max loss for task 4.
[INFO] Calculating min and max loss for task 5.
[INFO] Calculating min and max loss for task 6.
[INFO] Epoch=1/20
[INFO] Task=1/6
[INFO] Task=2/6
[INFO] Task=3/6
[INFO] Task=4/6
[INFO] Task=5/6
[INFO] Task=6/6
[INFO] Epoch=2/20
[INFO] Task=1/6
[INFO] Task=2/6
[INFO] Task=3/6
[INFO] Task=4/6
[INFO] Task=5/6
[INFO] Task=6/6
[INFO] Epoch=3/20
[INFO] Task=1/6
[INFO] Task=2/6
[INFO] Task=3/6
[INFO] Task=4/6
[INFO] Task=5/6
[INFO] Task=6/6
[INFO] Epoch=4/20
[INFO] Task=1/6
[INFO] Task=2/6
[INFO] Task=3/6
[INFO] Task=4/6
[INFO] Task=5/6
[INFO] Task=6/6
[INFO] Epoch=5/20
[INFO] Task=1/6
[INFO] Task=2/6
[INFO] Task=3/6
[INFO] Task=4/6
[INFO] Task=5/6
[INFO] Task=6/6
[INFO] Epoch=6/20
[INFO] Task=1/6
[INFO] Task=2/6
[INFO] Task=3/6
[INFO] Task=4/6
[INFO] Task=5/6
[INFO] Task=6/6
[INFO] Epoch=7/20
[INFO] Task=1/6
[INFO] Task=2/6
[INFO] Task=3/6
[INFO] Task=4/6
[INFO] Task=5/6
[INFO] Task=6/6
[INFO] Epoch=8/20
[INFO] Task=1/6
[INFO] Task=2/6
[INFO] Task=3/6
[INFO] Task=4/6
[INFO] Task=5/6
[INFO] Task=6/6
[INFO] Epoch=9/20
[INFO] Task=1/6
[INFO] Task=2/6
[INFO] Task=3/6
[INFO] Task=4/6
[INFO] Task=5/6
[INFO] Task=6/6
[INFO] Epoch=10/20
[INFO] Task=1/6
[INFO] Task=2/6
[INFO] Task=3/6
[INFO] Task=4/6
[INFO] Task=5/6
[INFO] Task=6/6
[INFO] Epoch=11/20
[INFO] Task=1/6
[INFO] Task=2/6
[INFO] Task=3/6
[INFO] Task=4/6
[INFO] Task=5/6
[INFO] Task=6/6
[INFO] Epoch=12/20
[INFO] Task=1/6
[INFO] Task=2/6
[INFO] Task=3/6
[INFO] Task=4/6
[INFO] Task=5/6
[INFO] Task=6/6
[INFO] Epoch=13/20
[INFO] Task=1/6
[INFO] Task=2/6
[INFO] Task=3/6
[INFO] Task=4/6
[INFO] Task=5/6
[INFO] Task=6/6
[INFO] Epoch=14/20
[INFO] Task=1/6
[INFO] Task=2/6
[INFO] Task=3/6
[INFO] Task=4/6
[INFO] Task=5/6
[INFO] Task=6/6
[INFO] Epoch=15/20
[INFO] Task=1/6
[INFO] Task=2/6
[INFO] Task=3/6
[INFO] Task=4/6
[INFO] Task=5/6
[INFO] Task=6/6
[INFO] Epoch=16/20
[INFO] Task=1/6
[INFO] Task=2/6
[INFO] Task=3/6
[INFO] Task=4/6
[INFO] Task=5/6
[INFO] Task=6/6
[INFO] Epoch=17/20
[INFO] Task=1/6
[INFO] Task=2/6
[INFO] Task=3/6
[INFO] Task=4/6
[INFO] Task=5/6
[INFO] Task=6/6
[INFO] Epoch=18/20
[INFO] Task=1/6
[INFO] Task=2/6
[INFO] Task=3/6
[INFO] Task=4/6
[INFO] Task=5/6
[INFO] Task=6/6
[INFO] Epoch=19/20
[INFO] Task=1/6
[INFO] Task=2/6
[INFO] Task=3/6
[INFO] Task=4/6
[INFO] Task=5/6
[INFO] Task=6/6
[INFO] Epoch=20/20
[INFO] Task=1/6
[INFO] Task=2/6
[INFO] Task=3/6
[INFO] Task=4/6
[INFO] Task=5/6
[INFO] Task=6/6
[INFO] n=2
[INFO] Calculating min and max loss for task 1.
[INFO] Calculating min and max loss for task 2.
[INFO] Calculating min and max loss for task 3.
[INFO] Calculating min and max loss for task 4.
[INFO] Calculating min and max loss for task 5.
[INFO] Calculating min and max loss for task 6.
[INFO] Epoch=1/20
[INFO] Task=1/6
[INFO] Task=2/6
[INFO] Task=3/6
[INFO] Task=4/6
[INFO] Task=5/6
[INFO] Task=6/6
[INFO] Epoch=2/20
[INFO] Task=1/6
[INFO] Task=2/6
[INFO] Task=3/6
[INFO] Task=4/6
[INFO] Task=5/6
[INFO] Task=6/6
[INFO] Epoch=3/20
[INFO] Task=1/6
[INFO] Task=2/6
[INFO] Task=3/6
[INFO] Task=4/6
[INFO] Task=5/6
[INFO] Task=6/6
[INFO] Epoch=4/20
[INFO] Task=1/6
[INFO] Task=2/6
[INFO] Task=3/6
[INFO] Task=4/6
[INFO] Task=5/6
[INFO] Task=6/6
[INFO] Epoch=5/20
[INFO] Task=1/6
[INFO] Task=2/6
[INFO] Task=3/6
[INFO] Task=4/6
[INFO] Task=5/6
[INFO] Task=6/6
[INFO] Epoch=6/20
[INFO] Task=1/6
[INFO] Task=2/6
[INFO] Task=3/6
[INFO] Task=4/6
[INFO] Task=5/6
[INFO] Task=6/6
[INFO] Epoch=7/20
[INFO] Task=1/6
[INFO] Task=2/6
[INFO] Task=3/6
[INFO] Task=4/6
[INFO] Task=5/6
[INFO] Task=6/6
[INFO] Epoch=8/20
[INFO] Task=1/6
[INFO] Task=2/6
[INFO] Task=3/6
[INFO] Task=4/6
[INFO] Task=5/6
[INFO] Task=6/6
[INFO] Epoch=9/20
[INFO] Task=1/6
[INFO] Task=2/6
[INFO] Task=3/6
[INFO] Task=4/6
[INFO] Task=5/6
[INFO] Task=6/6
[INFO] Epoch=10/20
[INFO] Task=1/6
[INFO] Task=2/6
[INFO] Task=3/6
[INFO] Task=4/6
[INFO] Task=5/6
[INFO] Task=6/6
[INFO] Epoch=11/20
[INFO] Task=1/6
[INFO] Task=2/6
[INFO] Task=3/6
[INFO] Task=4/6
[INFO] Task=5/6
[INFO] Task=6/6
[INFO] Epoch=12/20
[INFO] Task=1/6
[INFO] Task=2/6
[INFO] Task=3/6
[INFO] Task=4/6
[INFO] Task=5/6
[INFO] Task=6/6
[INFO] Epoch=13/20
[INFO] Task=1/6
[INFO] Task=2/6
[INFO] Task=3/6
[INFO] Task=4/6
[INFO] Task=5/6
[INFO] Task=6/6
[INFO] Epoch=14/20
[INFO] Task=1/6
[INFO] Task=2/6
[INFO] Task=3/6
[INFO] Task=4/6
[INFO] Task=5/6
[INFO] Task=6/6
[INFO] Epoch=15/20
[INFO] Task=1/6
[INFO] Task=2/6
[INFO] Task=3/6
[INFO] Task=4/6
[INFO] Task=5/6
[INFO] Task=6/6
[INFO] Epoch=16/20
[INFO] Task=1/6
[INFO] Task=2/6
[INFO] Task=3/6
[INFO] Task=4/6
[INFO] Task=5/6
[INFO] Task=6/6
[INFO] Epoch=17/20
[INFO] Task=1/6
[INFO] Task=2/6
[INFO] Task=3/6
[INFO] Task=4/6
[INFO] Task=5/6
[INFO] Task=6/6
[INFO] Epoch=18/20
[INFO] Task=1/6
[INFO] Task=2/6
[INFO] Task=3/6
[INFO] Task=4/6
[INFO] Task=5/6
[INFO] Task=6/6
[INFO] Epoch=19/20
[INFO] Task=1/6
[INFO] Task=2/6
[INFO] Task=3/6
[INFO] Task=4/6
[INFO] Task=5/6
[INFO] Task=6/6
[INFO] Epoch=20/20
[INFO] Task=1/6
[INFO] Task=2/6
[INFO] Task=3/6
[INFO] Task=4/6
[INFO] Task=5/6
[INFO] Task=6/6
[INFO] n=3
[INFO] Calculating min and max loss for task 1.
[INFO] Calculating min and max loss for task 2.
[INFO] Calculating min and max loss for task 3.
[INFO] Calculating min and max loss for task 4.
[INFO] Calculating min and max loss for task 5.
[INFO] Calculating min and max loss for task 6.
[INFO] Epoch=1/20
[INFO] Task=1/6
[INFO] Task=2/6
[INFO] Task=3/6
[INFO] Task=4/6
[INFO] Task=5/6
[INFO] Task=6/6
[INFO] Epoch=2/20
[INFO] Task=1/6
[INFO] Task=2/6
[INFO] Task=3/6
[INFO] Task=4/6
[INFO] Task=5/6
[INFO] Task=6/6
[INFO] Epoch=3/20
[INFO] Task=1/6
[INFO] Task=2/6
[INFO] Task=3/6
[INFO] Task=4/6
[INFO] Task=5/6
[INFO] Task=6/6
[INFO] Epoch=4/20
[INFO] Task=1/6
[INFO] Task=2/6
[INFO] Task=3/6
[INFO] Task=4/6
[INFO] Task=5/6
[INFO] Task=6/6
[INFO] Epoch=5/20
[INFO] Task=1/6
[INFO] Task=2/6
[INFO] Task=3/6
[INFO] Task=4/6
[INFO] Task=5/6
[INFO] Task=6/6
[INFO] Epoch=6/20
[INFO] Task=1/6
[INFO] Task=2/6
[INFO] Task=3/6
[INFO] Task=4/6
[INFO] Task=5/6
[INFO] Task=6/6
[INFO] Epoch=7/20
[INFO] Task=1/6
[INFO] Task=2/6
[INFO] Task=3/6
[INFO] Task=4/6
[INFO] Task=5/6
[INFO] Task=6/6
[INFO] Epoch=8/20
[INFO] Task=1/6
[INFO] Task=2/6
[INFO] Task=3/6
[INFO] Task=4/6
[INFO] Task=5/6
[INFO] Task=6/6
[INFO] Epoch=9/20
[INFO] Task=1/6
[INFO] Task=2/6
[INFO] Task=3/6
[INFO] Task=4/6
[INFO] Task=5/6
[INFO] Task=6/6
[INFO] Epoch=10/20
[INFO] Task=1/6
[INFO] Task=2/6
[INFO] Task=3/6
[INFO] Task=4/6
[INFO] Task=5/6
[INFO] Task=6/6
[INFO] Epoch=11/20
[INFO] Task=1/6
[INFO] Task=2/6
[INFO] Task=3/6
[INFO] Task=4/6
[INFO] Task=5/6
[INFO] Task=6/6
[INFO] Epoch=12/20
[INFO] Task=1/6
[INFO] Task=2/6
[INFO] Task=3/6
[INFO] Task=4/6
[INFO] Task=5/6
[INFO] Task=6/6
[INFO] Epoch=13/20
[INFO] Task=1/6
[INFO] Task=2/6
[INFO] Task=3/6
[INFO] Task=4/6
[INFO] Task=5/6
[INFO] Task=6/6
[INFO] Epoch=14/20
[INFO] Task=1/6
[INFO] Task=2/6
[INFO] Task=3/6
[INFO] Task=4/6
[INFO] Task=5/6
[INFO] Task=6/6
[INFO] Epoch=15/20
[INFO] Task=1/6
[INFO] Task=2/6
[INFO] Task=3/6
[INFO] Task=4/6
[INFO] Task=5/6
[INFO] Task=6/6
[INFO] Epoch=16/20
[INFO] Task=1/6
[INFO] Task=2/6
[INFO] Task=3/6
[INFO] Task=4/6
[INFO] Task=5/6
[INFO] Task=6/6
[INFO] Epoch=17/20
[INFO] Task=1/6
[INFO] Task=2/6
[INFO] Task=3/6
[INFO] Task=4/6
[INFO] Task=5/6
[INFO] Task=6/6
[INFO] Epoch=18/20
[INFO] Task=1/6
[INFO] Task=2/6
[INFO] Task=3/6
[INFO] Task=4/6
[INFO] Task=5/6
[INFO] Task=6/6
[INFO] Epoch=19/20
[INFO] Task=1/6
[INFO] Task=2/6
[INFO] Task=3/6
[INFO] Task=4/6
[INFO] Task=5/6
[INFO] Task=6/6
[INFO] Epoch=20/20
[INFO] Task=1/6
[INFO] Task=2/6
[INFO] Task=3/6
[INFO] Task=4/6
[INFO] Task=5/6
[INFO] Task=6/6
[INFO] n=4
[INFO] Calculating min and max loss for task 1.
[INFO] Calculating min and max loss for task 2.
[INFO] Calculating min and max loss for task 3.
[INFO] Calculating min and max loss for task 4.
[INFO] Calculating min and max loss for task 5.
[INFO] Calculating min and max loss for task 6.
[INFO] Epoch=1/20
[INFO] Task=1/6
[INFO] Task=2/6
[INFO] Task=3/6
[INFO] Task=4/6
[INFO] Task=5/6
[INFO] Task=6/6
[INFO] Epoch=2/20
[INFO] Task=1/6
[INFO] Task=2/6
[INFO] Task=3/6
[INFO] Task=4/6
[INFO] Task=5/6
[INFO] Task=6/6
[INFO] Epoch=3/20
[INFO] Task=1/6
[INFO] Task=2/6
[INFO] Task=3/6
[INFO] Task=4/6
[INFO] Task=5/6
[INFO] Task=6/6
[INFO] Epoch=4/20
[INFO] Task=1/6
[INFO] Task=2/6
[INFO] Task=3/6
[INFO] Task=4/6
[INFO] Task=5/6
[INFO] Task=6/6
[INFO] Epoch=5/20
[INFO] Task=1/6
[INFO] Task=2/6
[INFO] Task=3/6
[INFO] Task=4/6
[INFO] Task=5/6
[INFO] Task=6/6
[INFO] Epoch=6/20
[INFO] Task=1/6
[INFO] Task=2/6
[INFO] Task=3/6
[INFO] Task=4/6
[INFO] Task=5/6
[INFO] Task=6/6
[INFO] Epoch=7/20
[INFO] Task=1/6
[INFO] Task=2/6
[INFO] Task=3/6
[INFO] Task=4/6
[INFO] Task=5/6
[INFO] Task=6/6
[INFO] Epoch=8/20
[INFO] Task=1/6
[INFO] Task=2/6
[INFO] Task=3/6
[INFO] Task=4/6
[INFO] Task=5/6
[INFO] Task=6/6
[INFO] Epoch=9/20
[INFO] Task=1/6
[INFO] Task=2/6
[INFO] Task=3/6
[INFO] Task=4/6
[INFO] Task=5/6
[INFO] Task=6/6
[INFO] Epoch=10/20
[INFO] Task=1/6
[INFO] Task=2/6
[INFO] Task=3/6
[INFO] Task=4/6
[INFO] Task=5/6
[INFO] Task=6/6
[INFO] Epoch=11/20
[INFO] Task=1/6
[INFO] Task=2/6
[INFO] Task=3/6
[INFO] Task=4/6
[INFO] Task=5/6
[INFO] Task=6/6
[INFO] Epoch=12/20
[INFO] Task=1/6
[INFO] Task=2/6
[INFO] Task=3/6
[INFO] Task=4/6
[INFO] Task=5/6
[INFO] Task=6/6
[INFO] Epoch=13/20
[INFO] Task=1/6
[INFO] Task=2/6
[INFO] Task=3/6
[INFO] Task=4/6
[INFO] Task=5/6
[INFO] Task=6/6
[INFO] Epoch=14/20
[INFO] Task=1/6
[INFO] Task=2/6
[INFO] Task=3/6
[INFO] Task=4/6
[INFO] Task=5/6
[INFO] Task=6/6
[INFO] Epoch=15/20
[INFO] Task=1/6
[INFO] Task=2/6
[INFO] Task=3/6
[INFO] Task=4/6
[INFO] Task=5/6
[INFO] Task=6/6
[INFO] Epoch=16/20
[INFO] Task=1/6
[INFO] Task=2/6
[INFO] Task=3/6
[INFO] Task=4/6
[INFO] Task=5/6
[INFO] Task=6/6
[INFO] Epoch=17/20
[INFO] Task=1/6
[INFO] Task=2/6
[INFO] Task=3/6
[INFO] Task=4/6
[INFO] Task=5/6
[INFO] Task=6/6
[INFO] Epoch=18/20
[INFO] Task=1/6
[INFO] Task=2/6
[INFO] Task=3/6
[INFO] Task=4/6
[INFO] Task=5/6
[INFO] Task=6/6
[INFO] Epoch=19/20
[INFO] Task=1/6
[INFO] Task=2/6
[INFO] Task=3/6
[INFO] Task=4/6
[INFO] Task=5/6
[INFO] Task=6/6
[INFO] Epoch=20/20
[INFO] Task=1/6
[INFO] Task=2/6
[INFO] Task=3/6
[INFO] Task=4/6
[INFO] Task=5/6
[INFO] Task=6/6
[INFO] n=5
[INFO] Calculating min and max loss for task 1.
[INFO] Calculating min and max loss for task 2.
[INFO] Calculating min and max loss for task 3.
[INFO] Calculating min and max loss for task 4.
[INFO] Calculating min and max loss for task 5.
[INFO] Calculating min and max loss for task 6.
[INFO] Epoch=1/20
[INFO] Task=1/6
[INFO] Task=2/6
[INFO] Task=3/6
[INFO] Task=4/6
[INFO] Task=5/6
[INFO] Task=6/6
[INFO] Epoch=2/20
[INFO] Task=1/6
[INFO] Task=2/6
[INFO] Task=3/6
[INFO] Task=4/6
[INFO] Task=5/6
[INFO] Task=6/6
[INFO] Epoch=3/20
[INFO] Task=1/6
[INFO] Task=2/6
[INFO] Task=3/6
[INFO] Task=4/6
[INFO] Task=5/6
[INFO] Task=6/6
[INFO] Epoch=4/20
[INFO] Task=1/6
[INFO] Task=2/6
[INFO] Task=3/6
[INFO] Task=4/6
[INFO] Task=5/6
[INFO] Task=6/6
[INFO] Epoch=5/20
[INFO] Task=1/6
[INFO] Task=2/6
[INFO] Task=3/6
[INFO] Task=4/6
[INFO] Task=5/6
[INFO] Task=6/6
[INFO] Epoch=6/20
[INFO] Task=1/6
[INFO] Task=2/6
[INFO] Task=3/6
[INFO] Task=4/6
[INFO] Task=5/6
[INFO] Task=6/6
[INFO] Epoch=7/20
[INFO] Task=1/6
[INFO] Task=2/6
[INFO] Task=3/6
[INFO] Task=4/6
[INFO] Task=5/6
[INFO] Task=6/6
[INFO] Epoch=8/20
[INFO] Task=1/6
[INFO] Task=2/6
[INFO] Task=3/6
[INFO] Task=4/6
[INFO] Task=5/6
[INFO] Task=6/6
[INFO] Epoch=9/20
[INFO] Task=1/6
[INFO] Task=2/6
[INFO] Task=3/6
[INFO] Task=4/6
[INFO] Task=5/6
[INFO] Task=6/6
[INFO] Epoch=10/20
[INFO] Task=1/6
[INFO] Task=2/6
[INFO] Task=3/6
[INFO] Task=4/6
[INFO] Task=5/6
[INFO] Task=6/6
[INFO] Epoch=11/20
[INFO] Task=1/6
[INFO] Task=2/6
[INFO] Task=3/6
[INFO] Task=4/6
[INFO] Task=5/6
[INFO] Task=6/6
[INFO] Epoch=12/20
[INFO] Task=1/6
[INFO] Task=2/6
[INFO] Task=3/6
[INFO] Task=4/6
[INFO] Task=5/6
[INFO] Task=6/6
[INFO] Epoch=13/20
[INFO] Task=1/6
[INFO] Task=2/6
[INFO] Task=3/6
[INFO] Task=4/6
[INFO] Task=5/6
[INFO] Task=6/6
[INFO] Epoch=14/20
[INFO] Task=1/6
[INFO] Task=2/6
[INFO] Task=3/6
[INFO] Task=4/6
[INFO] Task=5/6
[INFO] Task=6/6
[INFO] Epoch=15/20
[INFO] Task=1/6
[INFO] Task=2/6
[INFO] Task=3/6
[INFO] Task=4/6
[INFO] Task=5/6
[INFO] Task=6/6
[INFO] Epoch=16/20
[INFO] Task=1/6
[INFO] Task=2/6
[INFO] Task=3/6
[INFO] Task=4/6
[INFO] Task=5/6
[INFO] Task=6/6
[INFO] Epoch=17/20
[INFO] Task=1/6
[INFO] Task=2/6
[INFO] Task=3/6
[INFO] Task=4/6
[INFO] Task=5/6
[INFO] Task=6/6
[INFO] Epoch=18/20
[INFO] Task=1/6
[INFO] Task=2/6
[INFO] Task=3/6
[INFO] Task=4/6
[INFO] Task=5/6
[INFO] Task=6/6
[INFO] Epoch=19/20
[INFO] Task=1/6
[INFO] Task=2/6
[INFO] Task=3/6
[INFO] Task=4/6
[INFO] Task=5/6
[INFO] Task=6/6
[INFO] Epoch=20/20
[INFO] Task=1/6
[INFO] Task=2/6
[INFO] Task=3/6
[INFO] Task=4/6
[INFO] Task=5/6
[INFO] Task=6/6
[INFO] n=6
[INFO] Calculating min and max loss for task 1.
[INFO] Calculating min and max loss for task 2.
[INFO] Calculating min and max loss for task 3.
[INFO] Calculating min and max loss for task 4.
[INFO] Calculating min and max loss for task 5.
[INFO] Calculating min and max loss for task 6.
[INFO] Epoch=1/20
[INFO] Task=1/6
[INFO] Task=2/6
[INFO] Task=3/6
[INFO] Task=4/6
[INFO] Task=5/6
[INFO] Task=6/6
[INFO] Epoch=2/20
[INFO] Task=1/6
[INFO] Task=2/6
[INFO] Task=3/6
[INFO] Task=4/6
[INFO] Task=5/6
[INFO] Task=6/6
[INFO] Epoch=3/20
[INFO] Task=1/6
[INFO] Task=2/6
[INFO] Task=3/6
[INFO] Task=4/6
[INFO] Task=5/6
[INFO] Task=6/6
[INFO] Epoch=4/20
[INFO] Task=1/6
[INFO] Task=2/6
[INFO] Task=3/6
[INFO] Task=4/6
[INFO] Task=5/6
[INFO] Task=6/6
[INFO] Epoch=5/20
[INFO] Task=1/6
[INFO] Task=2/6
[INFO] Task=3/6
[INFO] Task=4/6
[INFO] Task=5/6
[INFO] Task=6/6
[INFO] Epoch=6/20
[INFO] Task=1/6
[INFO] Task=2/6
[INFO] Task=3/6
[INFO] Task=4/6
[INFO] Task=5/6
[INFO] Task=6/6
[INFO] Epoch=7/20
[INFO] Task=1/6
[INFO] Task=2/6
[INFO] Task=3/6
[INFO] Task=4/6
[INFO] Task=5/6
[INFO] Task=6/6
[INFO] Epoch=8/20
[INFO] Task=1/6
[INFO] Task=2/6
[INFO] Task=3/6
[INFO] Task=4/6
[INFO] Task=5/6
[INFO] Task=6/6
[INFO] Epoch=9/20
[INFO] Task=1/6
[INFO] Task=2/6
[INFO] Task=3/6
[INFO] Task=4/6
[INFO] Task=5/6
[INFO] Task=6/6
[INFO] Epoch=10/20
[INFO] Task=1/6
[INFO] Task=2/6
[INFO] Task=3/6
[INFO] Task=4/6
[INFO] Task=5/6
[INFO] Task=6/6
[INFO] Epoch=11/20
[INFO] Task=1/6
[INFO] Task=2/6
[INFO] Task=3/6
[INFO] Task=4/6
[INFO] Task=5/6
[INFO] Task=6/6
[INFO] Epoch=12/20
[INFO] Task=1/6
[INFO] Task=2/6
[INFO] Task=3/6
[INFO] Task=4/6
[INFO] Task=5/6
[INFO] Task=6/6
[INFO] Epoch=13/20
[INFO] Task=1/6
[INFO] Task=2/6
[INFO] Task=3/6
[INFO] Task=4/6
[INFO] Task=5/6
[INFO] Task=6/6
[INFO] Epoch=14/20
[INFO] Task=1/6
[INFO] Task=2/6
[INFO] Task=3/6
[INFO] Task=4/6
[INFO] Task=5/6
[INFO] Task=6/6
[INFO] Epoch=15/20
[INFO] Task=1/6
[INFO] Task=2/6
[INFO] Task=3/6
[INFO] Task=4/6
[INFO] Task=5/6
[INFO] Task=6/6
[INFO] Epoch=16/20
[INFO] Task=1/6
[INFO] Task=2/6
[INFO] Task=3/6
[INFO] Task=4/6
[INFO] Task=5/6
[INFO] Task=6/6
[INFO] Epoch=17/20
[INFO] Task=1/6
[INFO] Task=2/6
[INFO] Task=3/6
[INFO] Task=4/6
[INFO] Task=5/6
[INFO] Task=6/6
[INFO] Epoch=18/20
[INFO] Task=1/6
[INFO] Task=2/6
[INFO] Task=3/6
[INFO] Task=4/6
[INFO] Task=5/6
[INFO] Task=6/6
[INFO] Epoch=19/20
[INFO] Task=1/6
[INFO] Task=2/6
[INFO] Task=3/6
[INFO] Task=4/6
[INFO] Task=5/6
[INFO] Task=6/6
[INFO] Epoch=20/20
[INFO] Task=1/6
[INFO] Task=2/6
[INFO] Task=3/6
[INFO] Task=4/6
[INFO] Task=5/6
[INFO] Task=6/6
[INFO] n=7
[INFO] Calculating min and max loss for task 1.
[INFO] Calculating min and max loss for task 2.
[INFO] Calculating min and max loss for task 3.
[INFO] Calculating min and max loss for task 4.
[INFO] Calculating min and max loss for task 5.
[INFO] Calculating min and max loss for task 6.
[INFO] Epoch=1/20
[INFO] Task=1/6
[INFO] Task=2/6
[INFO] Task=3/6
[INFO] Task=4/6
[INFO] Task=5/6
[INFO] Task=6/6
[INFO] Epoch=2/20
[INFO] Task=1/6
[INFO] Task=2/6
[INFO] Task=3/6
[INFO] Task=4/6
[INFO] Task=5/6
[INFO] Task=6/6
[INFO] Epoch=3/20
[INFO] Task=1/6
[INFO] Task=2/6
[INFO] Task=3/6
[INFO] Task=4/6
[INFO] Task=5/6
[INFO] Task=6/6
[INFO] Epoch=4/20
[INFO] Task=1/6
[INFO] Task=2/6
[INFO] Task=3/6
[INFO] Task=4/6
[INFO] Task=5/6
[INFO] Task=6/6
[INFO] Epoch=5/20
[INFO] Task=1/6
[INFO] Task=2/6
[INFO] Task=3/6
[INFO] Task=4/6
[INFO] Task=5/6
[INFO] Task=6/6
[INFO] Epoch=6/20
[INFO] Task=1/6
[INFO] Task=2/6
[INFO] Task=3/6
[INFO] Task=4/6
[INFO] Task=5/6
[INFO] Task=6/6
[INFO] Epoch=7/20
[INFO] Task=1/6
[INFO] Task=2/6
[INFO] Task=3/6
[INFO] Task=4/6
[INFO] Task=5/6
[INFO] Task=6/6
[INFO] Epoch=8/20
[INFO] Task=1/6
[INFO] Task=2/6
[INFO] Task=3/6
[INFO] Task=4/6
[INFO] Task=5/6
[INFO] Task=6/6
[INFO] Epoch=9/20
[INFO] Task=1/6
[INFO] Task=2/6
[INFO] Task=3/6
[INFO] Task=4/6
[INFO] Task=5/6
[INFO] Task=6/6
[INFO] Epoch=10/20
[INFO] Task=1/6
[INFO] Task=2/6
[INFO] Task=3/6
[INFO] Task=4/6
[INFO] Task=5/6
[INFO] Task=6/6
[INFO] Epoch=11/20
[INFO] Task=1/6
[INFO] Task=2/6
[INFO] Task=3/6
[INFO] Task=4/6
[INFO] Task=5/6
[INFO] Task=6/6
[INFO] Epoch=12/20
[INFO] Task=1/6
[INFO] Task=2/6
[INFO] Task=3/6
[INFO] Task=4/6
[INFO] Task=5/6
[INFO] Task=6/6
[INFO] Epoch=13/20
[INFO] Task=1/6
[INFO] Task=2/6
[INFO] Task=3/6
[INFO] Task=4/6
[INFO] Task=5/6
[INFO] Task=6/6
[INFO] Epoch=14/20
[INFO] Task=1/6
[INFO] Task=2/6
[INFO] Task=3/6
[INFO] Task=4/6
[INFO] Task=5/6
[INFO] Task=6/6
[INFO] Epoch=15/20
[INFO] Task=1/6
[INFO] Task=2/6
[INFO] Task=3/6
[INFO] Task=4/6
[INFO] Task=5/6
[INFO] Task=6/6
[INFO] Epoch=16/20
[INFO] Task=1/6
[INFO] Task=2/6
[INFO] Task=3/6
[INFO] Task=4/6
[INFO] Task=5/6
[INFO] Task=6/6
[INFO] Epoch=17/20
[INFO] Task=1/6
[INFO] Task=2/6
[INFO] Task=3/6
[INFO] Task=4/6
[INFO] Task=5/6
[INFO] Task=6/6
[INFO] Epoch=18/20
[INFO] Task=1/6
[INFO] Task=2/6
[INFO] Task=3/6
[INFO] Task=4/6
[INFO] Task=5/6
[INFO] Task=6/6
[INFO] Epoch=19/20
[INFO] Task=1/6
[INFO] Task=2/6
[INFO] Task=3/6
[INFO] Task=4/6
[INFO] Task=5/6
[INFO] Task=6/6
[INFO] Epoch=20/20
[INFO] Task=1/6
[INFO] Task=2/6
[INFO] Task=3/6
[INFO] Task=4/6
[INFO] Task=5/6
[INFO] Task=6/6
[INFO] n=8
[INFO] Calculating min and max loss for task 1.
[INFO] Calculating min and max loss for task 2.
[INFO] Calculating min and max loss for task 3.
[INFO] Calculating min and max loss for task 4.
[INFO] Calculating min and max loss for task 5.
[INFO] Calculating min and max loss for task 6.
[INFO] Epoch=1/20
[INFO] Task=1/6
[INFO] Task=2/6
[INFO] Task=3/6
[INFO] Task=4/6
[INFO] Task=5/6
[INFO] Task=6/6
[INFO] Epoch=2/20
[INFO] Task=1/6
[INFO] Task=2/6
[INFO] Task=3/6
[INFO] Task=4/6
[INFO] Task=5/6
[INFO] Task=6/6
[INFO] Epoch=3/20
[INFO] Task=1/6
[INFO] Task=2/6
[INFO] Task=3/6
[INFO] Task=4/6
[INFO] Task=5/6
[INFO] Task=6/6
[INFO] Epoch=4/20
[INFO] Task=1/6
[INFO] Task=2/6
[INFO] Task=3/6
[INFO] Task=4/6
[INFO] Task=5/6
[INFO] Task=6/6
[INFO] Epoch=5/20
[INFO] Task=1/6
[INFO] Task=2/6
[INFO] Task=3/6
[INFO] Task=4/6
[INFO] Task=5/6
[INFO] Task=6/6
[INFO] Epoch=6/20
[INFO] Task=1/6
[INFO] Task=2/6
[INFO] Task=3/6
[INFO] Task=4/6
[INFO] Task=5/6
[INFO] Task=6/6
[INFO] Epoch=7/20
[INFO] Task=1/6
[INFO] Task=2/6
[INFO] Task=3/6
[INFO] Task=4/6
[INFO] Task=5/6
[INFO] Task=6/6
[INFO] Epoch=8/20
[INFO] Task=1/6
[INFO] Task=2/6
[INFO] Task=3/6
[INFO] Task=4/6
[INFO] Task=5/6
[INFO] Task=6/6
[INFO] Epoch=9/20
[INFO] Task=1/6
[INFO] Task=2/6
[INFO] Task=3/6
[INFO] Task=4/6
[INFO] Task=5/6
[INFO] Task=6/6
[INFO] Epoch=10/20
[INFO] Task=1/6
[INFO] Task=2/6
[INFO] Task=3/6
[INFO] Task=4/6
[INFO] Task=5/6
[INFO] Task=6/6
[INFO] Epoch=11/20
[INFO] Task=1/6
[INFO] Task=2/6
[INFO] Task=3/6
[INFO] Task=4/6
[INFO] Task=5/6
[INFO] Task=6/6
[INFO] Epoch=12/20
[INFO] Task=1/6
[INFO] Task=2/6
[INFO] Task=3/6
[INFO] Task=4/6
[INFO] Task=5/6
[INFO] Task=6/6
[INFO] Epoch=13/20
[INFO] Task=1/6
[INFO] Task=2/6
[INFO] Task=3/6
[INFO] Task=4/6
[INFO] Task=5/6
[INFO] Task=6/6
[INFO] Epoch=14/20
[INFO] Task=1/6
[INFO] Task=2/6
[INFO] Task=3/6
[INFO] Task=4/6
[INFO] Task=5/6
[INFO] Task=6/6
[INFO] Epoch=15/20
[INFO] Task=1/6
[INFO] Task=2/6
[INFO] Task=3/6
[INFO] Task=4/6
[INFO] Task=5/6
[INFO] Task=6/6
[INFO] Epoch=16/20
[INFO] Task=1/6
[INFO] Task=2/6
[INFO] Task=3/6
[INFO] Task=4/6
[INFO] Task=5/6
[INFO] Task=6/6
[INFO] Epoch=17/20
[INFO] Task=1/6
[INFO] Task=2/6
[INFO] Task=3/6
[INFO] Task=4/6
[INFO] Task=5/6
[INFO] Task=6/6
[INFO] Epoch=18/20
[INFO] Task=1/6
[INFO] Task=2/6
[INFO] Task=3/6
[INFO] Task=4/6
[INFO] Task=5/6
[INFO] Task=6/6
[INFO] Epoch=19/20
[INFO] Task=1/6
[INFO] Task=2/6
[INFO] Task=3/6
[INFO] Task=4/6
[INFO] Task=5/6
[INFO] Task=6/6
[INFO] Epoch=20/20
[INFO] Task=1/6
[INFO] Task=2/6
[INFO] Task=3/6
[INFO] Task=4/6
[INFO] Task=5/6
[INFO] Task=6/6
[INFO] n=9
[INFO] Calculating min and max loss for task 1.
[INFO] Calculating min and max loss for task 2.
[INFO] Calculating min and max loss for task 3.
[INFO] Calculating min and max loss for task 4.
[INFO] Calculating min and max loss for task 5.
[INFO] Calculating min and max loss for task 6.
[INFO] Epoch=1/20
[INFO] Task=1/6
[INFO] Task=2/6
[INFO] Task=3/6
[INFO] Task=4/6
[INFO] Task=5/6
[INFO] Task=6/6
[INFO] Epoch=2/20
[INFO] Task=1/6
[INFO] Task=2/6
[INFO] Task=3/6
[INFO] Task=4/6
[INFO] Task=5/6
[INFO] Task=6/6
[INFO] Epoch=3/20
[INFO] Task=1/6
[INFO] Task=2/6
[INFO] Task=3/6
[INFO] Task=4/6
[INFO] Task=5/6
[INFO] Task=6/6
[INFO] Epoch=4/20
[INFO] Task=1/6
[INFO] Task=2/6
[INFO] Task=3/6
[INFO] Task=4/6
[INFO] Task=5/6
[INFO] Task=6/6
[INFO] Epoch=5/20
[INFO] Task=1/6
[INFO] Task=2/6
[INFO] Task=3/6
[INFO] Task=4/6
[INFO] Task=5/6
[INFO] Task=6/6
[INFO] Epoch=6/20
[INFO] Task=1/6
[INFO] Task=2/6
[INFO] Task=3/6
[INFO] Task=4/6
[INFO] Task=5/6
[INFO] Task=6/6
[INFO] Epoch=7/20
[INFO] Task=1/6
[INFO] Task=2/6
[INFO] Task=3/6
[INFO] Task=4/6
[INFO] Task=5/6
[INFO] Task=6/6
[INFO] Epoch=8/20
[INFO] Task=1/6
[INFO] Task=2/6
[INFO] Task=3/6
[INFO] Task=4/6
[INFO] Task=5/6
[INFO] Task=6/6
[INFO] Epoch=9/20
[INFO] Task=1/6
[INFO] Task=2/6
[INFO] Task=3/6
[INFO] Task=4/6
[INFO] Task=5/6
[INFO] Task=6/6
[INFO] Epoch=10/20
[INFO] Task=1/6
[INFO] Task=2/6
[INFO] Task=3/6
[INFO] Task=4/6
[INFO] Task=5/6
[INFO] Task=6/6
[INFO] Epoch=11/20
[INFO] Task=1/6
[INFO] Task=2/6
[INFO] Task=3/6
[INFO] Task=4/6
[INFO] Task=5/6
[INFO] Task=6/6
[INFO] Epoch=12/20
[INFO] Task=1/6
[INFO] Task=2/6
[INFO] Task=3/6
[INFO] Task=4/6
[INFO] Task=5/6
[INFO] Task=6/6
[INFO] Epoch=13/20
[INFO] Task=1/6
[INFO] Task=2/6
[INFO] Task=3/6
[INFO] Task=4/6
[INFO] Task=5/6
[INFO] Task=6/6
[INFO] Epoch=14/20
[INFO] Task=1/6
[INFO] Task=2/6
[INFO] Task=3/6
[INFO] Task=4/6
[INFO] Task=5/6
[INFO] Task=6/6
[INFO] Epoch=15/20
[INFO] Task=1/6
[INFO] Task=2/6
[INFO] Task=3/6
[INFO] Task=4/6
[INFO] Task=5/6
[INFO] Task=6/6
[INFO] Epoch=16/20
[INFO] Task=1/6
[INFO] Task=2/6
[INFO] Task=3/6
[INFO] Task=4/6
[INFO] Task=5/6
[INFO] Task=6/6
[INFO] Epoch=17/20
[INFO] Task=1/6
[INFO] Task=2/6
[INFO] Task=3/6
[INFO] Task=4/6
[INFO] Task=5/6
[INFO] Task=6/6
[INFO] Epoch=18/20
[INFO] Task=1/6
[INFO] Task=2/6
[INFO] Task=3/6
[INFO] Task=4/6
[INFO] Task=5/6
[INFO] Task=6/6
[INFO] Epoch=19/20
[INFO] Task=1/6
[INFO] Task=2/6
[INFO] Task=3/6
[INFO] Task=4/6
[INFO] Task=5/6
[INFO] Task=6/6
[INFO] Epoch=20/20
[INFO] Task=1/6
[INFO] Task=2/6
[INFO] Task=3/6
[INFO] Task=4/6
[INFO] Task=5/6
[INFO] Task=6/6
[INFO] n=10
[INFO] Calculating min and max loss for task 1.
[INFO] Calculating min and max loss for task 2.
[INFO] Calculating min and max loss for task 3.
[INFO] Calculating min and max loss for task 4.
[INFO] Calculating min and max loss for task 5.
[INFO] Calculating min and max loss for task 6.
[INFO] Epoch=1/20
[INFO] Task=1/6
[INFO] Task=2/6
[INFO] Task=3/6
[INFO] Task=4/6
[INFO] Task=5/6
[INFO] Task=6/6
[INFO] Epoch=2/20
[INFO] Task=1/6
[INFO] Task=2/6
[INFO] Task=3/6
[INFO] Task=4/6
[INFO] Task=5/6
[INFO] Task=6/6
[INFO] Epoch=3/20
[INFO] Task=1/6
[INFO] Task=2/6
[INFO] Task=3/6
[INFO] Task=4/6
[INFO] Task=5/6
[INFO] Task=6/6
[INFO] Epoch=4/20
[INFO] Task=1/6
[INFO] Task=2/6
[INFO] Task=3/6
[INFO] Task=4/6
[INFO] Task=5/6
[INFO] Task=6/6
[INFO] Epoch=5/20
[INFO] Task=1/6
[INFO] Task=2/6
[INFO] Task=3/6
[INFO] Task=4/6
[INFO] Task=5/6
[INFO] Task=6/6
[INFO] Epoch=6/20
[INFO] Task=1/6
[INFO] Task=2/6
[INFO] Task=3/6
[INFO] Task=4/6
[INFO] Task=5/6
[INFO] Task=6/6
[INFO] Epoch=7/20
[INFO] Task=1/6
[INFO] Task=2/6
[INFO] Task=3/6
[INFO] Task=4/6
[INFO] Task=5/6
[INFO] Task=6/6
[INFO] Epoch=8/20
[INFO] Task=1/6
[INFO] Task=2/6
[INFO] Task=3/6
[INFO] Task=4/6
[INFO] Task=5/6
[INFO] Task=6/6
[INFO] Epoch=9/20
[INFO] Task=1/6
[INFO] Task=2/6
[INFO] Task=3/6
[INFO] Task=4/6
[INFO] Task=5/6
[INFO] Task=6/6
[INFO] Epoch=10/20
[INFO] Task=1/6
[INFO] Task=2/6
[INFO] Task=3/6
[INFO] Task=4/6
[INFO] Task=5/6
[INFO] Task=6/6
[INFO] Epoch=11/20
[INFO] Task=1/6
[INFO] Task=2/6
[INFO] Task=3/6
[INFO] Task=4/6
[INFO] Task=5/6
[INFO] Task=6/6
[INFO] Epoch=12/20
[INFO] Task=1/6
[INFO] Task=2/6
[INFO] Task=3/6
[INFO] Task=4/6
[INFO] Task=5/6
[INFO] Task=6/6
[INFO] Epoch=13/20
[INFO] Task=1/6
[INFO] Task=2/6
[INFO] Task=3/6
[INFO] Task=4/6
[INFO] Task=5/6
[INFO] Task=6/6
[INFO] Epoch=14/20
[INFO] Task=1/6
[INFO] Task=2/6
[INFO] Task=3/6
[INFO] Task=4/6
[INFO] Task=5/6
[INFO] Task=6/6
[INFO] Epoch=15/20
[INFO] Task=1/6
[INFO] Task=2/6
[INFO] Task=3/6
[INFO] Task=4/6
[INFO] Task=5/6
[INFO] Task=6/6
[INFO] Epoch=16/20
[INFO] Task=1/6
[INFO] Task=2/6
[INFO] Task=3/6
[INFO] Task=4/6
[INFO] Task=5/6
[INFO] Task=6/6
[INFO] Epoch=17/20
[INFO] Task=1/6
[INFO] Task=2/6
[INFO] Task=3/6
[INFO] Task=4/6
[INFO] Task=5/6
[INFO] Task=6/6
[INFO] Epoch=18/20
[INFO] Task=1/6
[INFO] Task=2/6
[INFO] Task=3/6
[INFO] Task=4/6
[INFO] Task=5/6
[INFO] Task=6/6
[INFO] Epoch=19/20
[INFO] Task=1/6
[INFO] Task=2/6
[INFO] Task=3/6
[INFO] Task=4/6
[INFO] Task=5/6
[INFO] Task=6/6
[INFO] Epoch=20/20
[INFO] Task=1/6
[INFO] Task=2/6
[INFO] Task=3/6
[INFO] Task=4/6
[INFO] Task=5/6
[INFO] Task=6/6
